ARM GAS  C:\Users\nguye\AppData\Local\Temp\ccM1XY5U.s 			page 1


   1              		.cpu cortex-m3
   2              		.arch armv7-m
   3              		.fpu softvfp
   4              		.eabi_attribute 20, 1
   5              		.eabi_attribute 21, 1
   6              		.eabi_attribute 23, 3
   7              		.eabi_attribute 24, 1
   8              		.eabi_attribute 25, 1
   9              		.eabi_attribute 26, 1
  10              		.eabi_attribute 30, 1
  11              		.eabi_attribute 34, 1
  12              		.eabi_attribute 18, 4
  13              		.file	"main.c"
  14              		.text
  15              	.Ltext0:
  16              		.cfi_sections	.debug_frame
  17              		.section	.text.MX_GPIO_Init,"ax",%progbits
  18              		.align	1
  19              		.syntax unified
  20              		.thumb
  21              		.thumb_func
  23              	MX_GPIO_Init:
  24              	.LFB81:
  25              		.file 1 "Core/Src/main.c"
   1:Core/Src/main.c **** /* USER CODE BEGIN Header */
   2:Core/Src/main.c **** /**
   3:Core/Src/main.c ****   ******************************************************************************
   4:Core/Src/main.c ****   * @file           : main.c
   5:Core/Src/main.c ****   * @brief          : Main program body
   6:Core/Src/main.c ****   ******************************************************************************
   7:Core/Src/main.c ****   * @attention
   8:Core/Src/main.c ****   *
   9:Core/Src/main.c ****   * Copyright (c) 2022 STMicroelectronics.
  10:Core/Src/main.c ****   * All rights reserved.
  11:Core/Src/main.c ****   *
  12:Core/Src/main.c ****   * This software is licensed under terms that can be found in the LICENSE file
  13:Core/Src/main.c ****   * in the root directory of this software component.
  14:Core/Src/main.c ****   * If no LICENSE file comes with this software, it is provided AS-IS.
  15:Core/Src/main.c ****   *
  16:Core/Src/main.c ****   ******************************************************************************
  17:Core/Src/main.c ****   */
  18:Core/Src/main.c **** /* USER CODE END Header */
  19:Core/Src/main.c **** /* Includes ------------------------------------------------------------------*/
  20:Core/Src/main.c **** #include "main.h"
  21:Core/Src/main.c **** 
  22:Core/Src/main.c **** /* Private includes ----------------------------------------------------------*/
  23:Core/Src/main.c **** /* USER CODE BEGIN Includes */
  24:Core/Src/main.c **** #include <stdio.h>
  25:Core/Src/main.c **** #include <string.h>
  26:Core/Src/main.c **** 
  27:Core/Src/main.c **** #include "ssd1306_fonts.h"
  28:Core/Src/main.c **** #include "ssd1306_tests.h"
  29:Core/Src/main.c **** #include "ssd1306.h"
  30:Core/Src/main.c **** #include "MY_NRF24.h"
  31:Core/Src/main.c **** 
  32:Core/Src/main.c **** /* USER CODE END Includes */
  33:Core/Src/main.c **** 
ARM GAS  C:\Users\nguye\AppData\Local\Temp\ccM1XY5U.s 			page 2


  34:Core/Src/main.c **** /* Private typedef -----------------------------------------------------------*/
  35:Core/Src/main.c **** /* USER CODE BEGIN PTD */
  36:Core/Src/main.c **** 
  37:Core/Src/main.c **** /* USER CODE END PTD */
  38:Core/Src/main.c **** 
  39:Core/Src/main.c **** /* Private define ------------------------------------------------------------*/
  40:Core/Src/main.c **** /* USER CODE BEGIN PD */
  41:Core/Src/main.c **** /* USER CODE END PD */
  42:Core/Src/main.c **** 
  43:Core/Src/main.c **** /* Private macro -------------------------------------------------------------*/
  44:Core/Src/main.c **** /* USER CODE BEGIN PM */
  45:Core/Src/main.c **** 
  46:Core/Src/main.c **** /* USER CODE END PM */
  47:Core/Src/main.c **** 
  48:Core/Src/main.c **** /* Private variables ---------------------------------------------------------*/
  49:Core/Src/main.c **** ADC_HandleTypeDef hadc1;
  50:Core/Src/main.c **** 
  51:Core/Src/main.c **** I2C_HandleTypeDef hi2c1;
  52:Core/Src/main.c **** 
  53:Core/Src/main.c **** SPI_HandleTypeDef hspi3;
  54:Core/Src/main.c **** 
  55:Core/Src/main.c **** UART_HandleTypeDef huart3;
  56:Core/Src/main.c **** 
  57:Core/Src/main.c **** /* USER CODE BEGIN PV */
  58:Core/Src/main.c **** 
  59:Core/Src/main.c **** /* USER CODE END PV */
  60:Core/Src/main.c **** 
  61:Core/Src/main.c **** /* Private function prototypes -----------------------------------------------*/
  62:Core/Src/main.c **** void SystemClock_Config(void);
  63:Core/Src/main.c **** static void MX_GPIO_Init(void);
  64:Core/Src/main.c **** static void MX_ADC1_Init(void);
  65:Core/Src/main.c **** static void MX_I2C1_Init(void);
  66:Core/Src/main.c **** static void MX_SPI3_Init(void);
  67:Core/Src/main.c **** static void MX_USART3_UART_Init(void);
  68:Core/Src/main.c **** /* USER CODE BEGIN PFP */
  69:Core/Src/main.c **** 
  70:Core/Src/main.c **** /* USER CODE END PFP */
  71:Core/Src/main.c **** 
  72:Core/Src/main.c **** /* Private user code ---------------------------------------------------------*/
  73:Core/Src/main.c **** /* USER CODE BEGIN 0 */
  74:Core/Src/main.c **** uint64_t TxpipeAddrs = 0x11223344AA;
  75:Core/Src/main.c **** char MyTxData[32] = "Hello Anh Quoc";
  76:Core/Src/main.c **** char AckPayLoad[33];
  77:Core/Src/main.c **** 
  78:Core/Src/main.c **** /* USER CODE END 0 */
  79:Core/Src/main.c **** 
  80:Core/Src/main.c **** /**
  81:Core/Src/main.c ****   * @brief  The application entry point.
  82:Core/Src/main.c ****   * @retval int
  83:Core/Src/main.c ****   */
  84:Core/Src/main.c **** int main(void)
  85:Core/Src/main.c **** {
  86:Core/Src/main.c ****   /* USER CODE BEGIN 1 */
  87:Core/Src/main.c **** 
  88:Core/Src/main.c ****   /* USER CODE END 1 */
  89:Core/Src/main.c **** 
  90:Core/Src/main.c ****   /* MCU Configuration--------------------------------------------------------*/
ARM GAS  C:\Users\nguye\AppData\Local\Temp\ccM1XY5U.s 			page 3


  91:Core/Src/main.c **** 
  92:Core/Src/main.c ****   /* Reset of all peripherals, Initializes the Flash interface and the Systick. */
  93:Core/Src/main.c ****   HAL_Init();
  94:Core/Src/main.c **** 
  95:Core/Src/main.c ****   /* USER CODE BEGIN Init */
  96:Core/Src/main.c **** 
  97:Core/Src/main.c ****   /* USER CODE END Init */
  98:Core/Src/main.c **** 
  99:Core/Src/main.c ****   /* Configure the system clock */
 100:Core/Src/main.c ****   SystemClock_Config();
 101:Core/Src/main.c **** 
 102:Core/Src/main.c ****   /* USER CODE BEGIN SysInit */
 103:Core/Src/main.c **** 
 104:Core/Src/main.c ****   /* USER CODE END SysInit */
 105:Core/Src/main.c **** 
 106:Core/Src/main.c ****   /* Initialize all configured peripherals */
 107:Core/Src/main.c ****   MX_GPIO_Init();
 108:Core/Src/main.c ****   MX_ADC1_Init();
 109:Core/Src/main.c ****   MX_I2C1_Init();
 110:Core/Src/main.c ****   MX_SPI3_Init();
 111:Core/Src/main.c ****   MX_USART3_UART_Init();
 112:Core/Src/main.c ****   /* USER CODE BEGIN 2 */
 113:Core/Src/main.c ****   // ssd1306_Init();
 114:Core/Src/main.c ****   // ssd1306_SetCursor(2,0);
 115:Core/Src/main.c ****   // ssd1306_WriteString("Hello!!! Ahihi",Font_6x8, White);
 116:Core/Src/main.c ****   // ssd1306_UpdateScreen();
 117:Core/Src/main.c ****   NRF24_begin(GPIOC, RF_CS_Pin, GPIO_PIN_8, hspi3);
 118:Core/Src/main.c ****   nrf24_DebugUART_Init(huart3);
 119:Core/Src/main.c **** 
 120:Core/Src/main.c ****   //**** Transmit - ACK ****//
 121:Core/Src/main.c ****   NRF24_stopListening();
 122:Core/Src/main.c ****   NRF24_openWritingPipe(TxpipeAddrs);
 123:Core/Src/main.c ****   NRF24_setAutoAck(true);
 124:Core/Src/main.c ****   NRF24_setChannel(52);
 125:Core/Src/main.c ****   NRF24_setPayloadSize(32);
 126:Core/Src/main.c ****   NRF24_setDataRate(RF24_1MBPS);
 127:Core/Src/main.c **** 
 128:Core/Src/main.c ****   NRF24_enableDynamicPayloads();
 129:Core/Src/main.c ****   NRF24_enableAckPayload();
 130:Core/Src/main.c ****   printRadioSettings();
 131:Core/Src/main.c **** 
 132:Core/Src/main.c ****   char myDataack[80];
 133:Core/Src/main.c ****   /* USER CODE END 2 */
 134:Core/Src/main.c **** 
 135:Core/Src/main.c ****   /* Infinite loop */
 136:Core/Src/main.c ****   /* USER CODE BEGIN WHILE */
 137:Core/Src/main.c ****   while (1)
 138:Core/Src/main.c ****   {
 139:Core/Src/main.c ****     /* USER CODE END WHILE */
 140:Core/Src/main.c **** 
 141:Core/Src/main.c ****     /* USER CODE BEGIN 3 */
 142:Core/Src/main.c ****     if(NRF24_write(MyTxData, 32))
 143:Core/Src/main.c **** 		  {
 144:Core/Src/main.c **** 			  NRF24_read(AckPayLoad, 32);
 145:Core/Src/main.c **** 			  // sprintf(myDataack, "AckPayload:  %s \r\n", AckPayLoad);
 146:Core/Src/main.c **** 			  // HAL_UART_Transmit(&huart3, (uint8_t *)myDataack, strlen(myDataack), 100);
 147:Core/Src/main.c ****         // memset(myDataack, '\0', 80);
ARM GAS  C:\Users\nguye\AppData\Local\Temp\ccM1XY5U.s 			page 4


 148:Core/Src/main.c ****         // memset(AckPayLoad, '\0', 33);
 149:Core/Src/main.c **** 		  }
 150:Core/Src/main.c **** 		
 151:Core/Src/main.c **** 		HAL_Delay(1000);
 152:Core/Src/main.c ****   }
 153:Core/Src/main.c ****   /* USER CODE END 3 */
 154:Core/Src/main.c **** }
 155:Core/Src/main.c **** 
 156:Core/Src/main.c **** /**
 157:Core/Src/main.c ****   * @brief System Clock Configuration
 158:Core/Src/main.c ****   * @retval None
 159:Core/Src/main.c ****   */
 160:Core/Src/main.c **** void SystemClock_Config(void)
 161:Core/Src/main.c **** {
 162:Core/Src/main.c ****   RCC_OscInitTypeDef RCC_OscInitStruct = {0};
 163:Core/Src/main.c ****   RCC_ClkInitTypeDef RCC_ClkInitStruct = {0};
 164:Core/Src/main.c **** 
 165:Core/Src/main.c ****   /** Initializes the RCC Oscillators according to the specified parameters
 166:Core/Src/main.c ****   * in the RCC_OscInitTypeDef structure.
 167:Core/Src/main.c ****   */
 168:Core/Src/main.c ****   RCC_OscInitStruct.OscillatorType = RCC_OSCILLATORTYPE_HSE;
 169:Core/Src/main.c ****   RCC_OscInitStruct.HSEState = RCC_HSE_ON;
 170:Core/Src/main.c ****   RCC_OscInitStruct.PLL.PLLState = RCC_PLL_ON;
 171:Core/Src/main.c ****   RCC_OscInitStruct.PLL.PLLSource = RCC_PLLSOURCE_HSE;
 172:Core/Src/main.c ****   RCC_OscInitStruct.PLL.PLLM = 8;
 173:Core/Src/main.c ****   RCC_OscInitStruct.PLL.PLLN = 240;
 174:Core/Src/main.c ****   RCC_OscInitStruct.PLL.PLLP = RCC_PLLP_DIV2;
 175:Core/Src/main.c ****   RCC_OscInitStruct.PLL.PLLQ = 4;
 176:Core/Src/main.c ****   if (HAL_RCC_OscConfig(&RCC_OscInitStruct) != HAL_OK)
 177:Core/Src/main.c ****   {
 178:Core/Src/main.c ****     Error_Handler();
 179:Core/Src/main.c ****   }
 180:Core/Src/main.c ****   /** Initializes the CPU, AHB and APB buses clocks
 181:Core/Src/main.c ****   */
 182:Core/Src/main.c ****   RCC_ClkInitStruct.ClockType = RCC_CLOCKTYPE_HCLK|RCC_CLOCKTYPE_SYSCLK
 183:Core/Src/main.c ****                               |RCC_CLOCKTYPE_PCLK1|RCC_CLOCKTYPE_PCLK2;
 184:Core/Src/main.c ****   RCC_ClkInitStruct.SYSCLKSource = RCC_SYSCLKSOURCE_PLLCLK;
 185:Core/Src/main.c ****   RCC_ClkInitStruct.AHBCLKDivider = RCC_SYSCLK_DIV1;
 186:Core/Src/main.c ****   RCC_ClkInitStruct.APB1CLKDivider = RCC_HCLK_DIV4;
 187:Core/Src/main.c ****   RCC_ClkInitStruct.APB2CLKDivider = RCC_HCLK_DIV2;
 188:Core/Src/main.c **** 
 189:Core/Src/main.c ****   if (HAL_RCC_ClockConfig(&RCC_ClkInitStruct, FLASH_LATENCY_3) != HAL_OK)
 190:Core/Src/main.c ****   {
 191:Core/Src/main.c ****     Error_Handler();
 192:Core/Src/main.c ****   }
 193:Core/Src/main.c **** }
 194:Core/Src/main.c **** 
 195:Core/Src/main.c **** /**
 196:Core/Src/main.c ****   * @brief ADC1 Initialization Function
 197:Core/Src/main.c ****   * @param None
 198:Core/Src/main.c ****   * @retval None
 199:Core/Src/main.c ****   */
 200:Core/Src/main.c **** static void MX_ADC1_Init(void)
 201:Core/Src/main.c **** {
 202:Core/Src/main.c **** 
 203:Core/Src/main.c ****   /* USER CODE BEGIN ADC1_Init 0 */
 204:Core/Src/main.c **** 
ARM GAS  C:\Users\nguye\AppData\Local\Temp\ccM1XY5U.s 			page 5


 205:Core/Src/main.c ****   /* USER CODE END ADC1_Init 0 */
 206:Core/Src/main.c **** 
 207:Core/Src/main.c ****   ADC_ChannelConfTypeDef sConfig = {0};
 208:Core/Src/main.c **** 
 209:Core/Src/main.c ****   /* USER CODE BEGIN ADC1_Init 1 */
 210:Core/Src/main.c **** 
 211:Core/Src/main.c ****   /* USER CODE END ADC1_Init 1 */
 212:Core/Src/main.c ****   /** Configure the global features of the ADC (Clock, Resolution, Data Alignment and number of con
 213:Core/Src/main.c ****   */
 214:Core/Src/main.c ****   hadc1.Instance = ADC1;
 215:Core/Src/main.c ****   hadc1.Init.ClockPrescaler = ADC_CLOCK_SYNC_PCLK_DIV2;
 216:Core/Src/main.c ****   hadc1.Init.Resolution = ADC_RESOLUTION_12B;
 217:Core/Src/main.c ****   hadc1.Init.ScanConvMode = DISABLE;
 218:Core/Src/main.c ****   hadc1.Init.ContinuousConvMode = DISABLE;
 219:Core/Src/main.c ****   hadc1.Init.DiscontinuousConvMode = DISABLE;
 220:Core/Src/main.c ****   hadc1.Init.ExternalTrigConvEdge = ADC_EXTERNALTRIGCONVEDGE_NONE;
 221:Core/Src/main.c ****   hadc1.Init.ExternalTrigConv = ADC_SOFTWARE_START;
 222:Core/Src/main.c ****   hadc1.Init.DataAlign = ADC_DATAALIGN_RIGHT;
 223:Core/Src/main.c ****   hadc1.Init.NbrOfConversion = 1;
 224:Core/Src/main.c ****   hadc1.Init.DMAContinuousRequests = DISABLE;
 225:Core/Src/main.c ****   hadc1.Init.EOCSelection = ADC_EOC_SINGLE_CONV;
 226:Core/Src/main.c ****   if (HAL_ADC_Init(&hadc1) != HAL_OK)
 227:Core/Src/main.c ****   {
 228:Core/Src/main.c ****     Error_Handler();
 229:Core/Src/main.c ****   }
 230:Core/Src/main.c ****   /** Configure for the selected ADC regular channel its corresponding rank in the sequencer and it
 231:Core/Src/main.c ****   */
 232:Core/Src/main.c ****   sConfig.Channel = ADC_CHANNEL_1;
 233:Core/Src/main.c ****   sConfig.Rank = 1;
 234:Core/Src/main.c ****   sConfig.SamplingTime = ADC_SAMPLETIME_3CYCLES;
 235:Core/Src/main.c ****   if (HAL_ADC_ConfigChannel(&hadc1, &sConfig) != HAL_OK)
 236:Core/Src/main.c ****   {
 237:Core/Src/main.c ****     Error_Handler();
 238:Core/Src/main.c ****   }
 239:Core/Src/main.c ****   /* USER CODE BEGIN ADC1_Init 2 */
 240:Core/Src/main.c **** 
 241:Core/Src/main.c ****   /* USER CODE END ADC1_Init 2 */
 242:Core/Src/main.c **** 
 243:Core/Src/main.c **** }
 244:Core/Src/main.c **** 
 245:Core/Src/main.c **** /**
 246:Core/Src/main.c ****   * @brief I2C1 Initialization Function
 247:Core/Src/main.c ****   * @param None
 248:Core/Src/main.c ****   * @retval None
 249:Core/Src/main.c ****   */
 250:Core/Src/main.c **** static void MX_I2C1_Init(void)
 251:Core/Src/main.c **** {
 252:Core/Src/main.c **** 
 253:Core/Src/main.c ****   /* USER CODE BEGIN I2C1_Init 0 */
 254:Core/Src/main.c **** 
 255:Core/Src/main.c ****   /* USER CODE END I2C1_Init 0 */
 256:Core/Src/main.c **** 
 257:Core/Src/main.c ****   /* USER CODE BEGIN I2C1_Init 1 */
 258:Core/Src/main.c **** 
 259:Core/Src/main.c ****   /* USER CODE END I2C1_Init 1 */
 260:Core/Src/main.c ****   hi2c1.Instance = I2C1;
 261:Core/Src/main.c ****   hi2c1.Init.ClockSpeed = 100000;
ARM GAS  C:\Users\nguye\AppData\Local\Temp\ccM1XY5U.s 			page 6


 262:Core/Src/main.c ****   hi2c1.Init.DutyCycle = I2C_DUTYCYCLE_2;
 263:Core/Src/main.c ****   hi2c1.Init.OwnAddress1 = 0;
 264:Core/Src/main.c ****   hi2c1.Init.AddressingMode = I2C_ADDRESSINGMODE_7BIT;
 265:Core/Src/main.c ****   hi2c1.Init.DualAddressMode = I2C_DUALADDRESS_DISABLE;
 266:Core/Src/main.c ****   hi2c1.Init.OwnAddress2 = 0;
 267:Core/Src/main.c ****   hi2c1.Init.GeneralCallMode = I2C_GENERALCALL_DISABLE;
 268:Core/Src/main.c ****   hi2c1.Init.NoStretchMode = I2C_NOSTRETCH_DISABLE;
 269:Core/Src/main.c ****   if (HAL_I2C_Init(&hi2c1) != HAL_OK)
 270:Core/Src/main.c ****   {
 271:Core/Src/main.c ****     Error_Handler();
 272:Core/Src/main.c ****   }
 273:Core/Src/main.c ****   /* USER CODE BEGIN I2C1_Init 2 */
 274:Core/Src/main.c **** 
 275:Core/Src/main.c ****   /* USER CODE END I2C1_Init 2 */
 276:Core/Src/main.c **** 
 277:Core/Src/main.c **** }
 278:Core/Src/main.c **** 
 279:Core/Src/main.c **** /**
 280:Core/Src/main.c ****   * @brief SPI3 Initialization Function
 281:Core/Src/main.c ****   * @param None
 282:Core/Src/main.c ****   * @retval None
 283:Core/Src/main.c ****   */
 284:Core/Src/main.c **** static void MX_SPI3_Init(void)
 285:Core/Src/main.c **** {
 286:Core/Src/main.c **** 
 287:Core/Src/main.c ****   /* USER CODE BEGIN SPI3_Init 0 */
 288:Core/Src/main.c **** 
 289:Core/Src/main.c ****   /* USER CODE END SPI3_Init 0 */
 290:Core/Src/main.c **** 
 291:Core/Src/main.c ****   /* USER CODE BEGIN SPI3_Init 1 */
 292:Core/Src/main.c **** 
 293:Core/Src/main.c ****   /* USER CODE END SPI3_Init 1 */
 294:Core/Src/main.c ****   /* SPI3 parameter configuration*/
 295:Core/Src/main.c ****   hspi3.Instance = SPI3;
 296:Core/Src/main.c ****   hspi3.Init.Mode = SPI_MODE_MASTER;
 297:Core/Src/main.c ****   hspi3.Init.Direction = SPI_DIRECTION_2LINES;
 298:Core/Src/main.c ****   hspi3.Init.DataSize = SPI_DATASIZE_8BIT;
 299:Core/Src/main.c ****   hspi3.Init.CLKPolarity = SPI_POLARITY_LOW;
 300:Core/Src/main.c ****   hspi3.Init.CLKPhase = SPI_PHASE_1EDGE;
 301:Core/Src/main.c ****   hspi3.Init.NSS = SPI_NSS_SOFT;
 302:Core/Src/main.c ****   hspi3.Init.BaudRatePrescaler = SPI_BAUDRATEPRESCALER_32;
 303:Core/Src/main.c ****   hspi3.Init.FirstBit = SPI_FIRSTBIT_MSB;
 304:Core/Src/main.c ****   hspi3.Init.TIMode = SPI_TIMODE_DISABLE;
 305:Core/Src/main.c ****   hspi3.Init.CRCCalculation = SPI_CRCCALCULATION_DISABLE;
 306:Core/Src/main.c ****   hspi3.Init.CRCPolynomial = 10;
 307:Core/Src/main.c ****   if (HAL_SPI_Init(&hspi3) != HAL_OK)
 308:Core/Src/main.c ****   {
 309:Core/Src/main.c ****     Error_Handler();
 310:Core/Src/main.c ****   }
 311:Core/Src/main.c ****   /* USER CODE BEGIN SPI3_Init 2 */
 312:Core/Src/main.c **** 
 313:Core/Src/main.c ****   /* USER CODE END SPI3_Init 2 */
 314:Core/Src/main.c **** 
 315:Core/Src/main.c **** }
 316:Core/Src/main.c **** 
 317:Core/Src/main.c **** /**
 318:Core/Src/main.c ****   * @brief USART3 Initialization Function
ARM GAS  C:\Users\nguye\AppData\Local\Temp\ccM1XY5U.s 			page 7


 319:Core/Src/main.c ****   * @param None
 320:Core/Src/main.c ****   * @retval None
 321:Core/Src/main.c ****   */
 322:Core/Src/main.c **** static void MX_USART3_UART_Init(void)
 323:Core/Src/main.c **** {
 324:Core/Src/main.c **** 
 325:Core/Src/main.c ****   /* USER CODE BEGIN USART3_Init 0 */
 326:Core/Src/main.c **** 
 327:Core/Src/main.c ****   /* USER CODE END USART3_Init 0 */
 328:Core/Src/main.c **** 
 329:Core/Src/main.c ****   /* USER CODE BEGIN USART3_Init 1 */
 330:Core/Src/main.c **** 
 331:Core/Src/main.c ****   /* USER CODE END USART3_Init 1 */
 332:Core/Src/main.c ****   huart3.Instance = USART3;
 333:Core/Src/main.c ****   huart3.Init.BaudRate = 115200;
 334:Core/Src/main.c ****   huart3.Init.WordLength = UART_WORDLENGTH_8B;
 335:Core/Src/main.c ****   huart3.Init.StopBits = UART_STOPBITS_1;
 336:Core/Src/main.c ****   huart3.Init.Parity = UART_PARITY_NONE;
 337:Core/Src/main.c ****   huart3.Init.Mode = UART_MODE_TX_RX;
 338:Core/Src/main.c ****   huart3.Init.HwFlowCtl = UART_HWCONTROL_NONE;
 339:Core/Src/main.c ****   huart3.Init.OverSampling = UART_OVERSAMPLING_16;
 340:Core/Src/main.c ****   if (HAL_UART_Init(&huart3) != HAL_OK)
 341:Core/Src/main.c ****   {
 342:Core/Src/main.c ****     Error_Handler();
 343:Core/Src/main.c ****   }
 344:Core/Src/main.c ****   /* USER CODE BEGIN USART3_Init 2 */
 345:Core/Src/main.c **** 
 346:Core/Src/main.c ****   /* USER CODE END USART3_Init 2 */
 347:Core/Src/main.c **** 
 348:Core/Src/main.c **** }
 349:Core/Src/main.c **** 
 350:Core/Src/main.c **** /**
 351:Core/Src/main.c ****   * @brief GPIO Initialization Function
 352:Core/Src/main.c ****   * @param None
 353:Core/Src/main.c ****   * @retval None
 354:Core/Src/main.c ****   */
 355:Core/Src/main.c **** static void MX_GPIO_Init(void)
 356:Core/Src/main.c **** {
  26              		.loc 1 356 1 view -0
  27              		.cfi_startproc
  28              		@ args = 0, pretend = 0, frame = 40
  29              		@ frame_needed = 0, uses_anonymous_args = 0
  30 0000 2DE9F041 		push	{r4, r5, r6, r7, r8, lr}
  31              	.LCFI0:
  32              		.cfi_def_cfa_offset 24
  33              		.cfi_offset 4, -24
  34              		.cfi_offset 5, -20
  35              		.cfi_offset 6, -16
  36              		.cfi_offset 7, -12
  37              		.cfi_offset 8, -8
  38              		.cfi_offset 14, -4
  39 0004 8AB0     		sub	sp, sp, #40
  40              	.LCFI1:
  41              		.cfi_def_cfa_offset 64
 357:Core/Src/main.c ****   GPIO_InitTypeDef GPIO_InitStruct = {0};
  42              		.loc 1 357 3 view .LVU1
  43              		.loc 1 357 20 is_stmt 0 view .LVU2
ARM GAS  C:\Users\nguye\AppData\Local\Temp\ccM1XY5U.s 			page 8


  44 0006 0024     		movs	r4, #0
  45 0008 0594     		str	r4, [sp, #20]
  46 000a 0694     		str	r4, [sp, #24]
  47 000c 0794     		str	r4, [sp, #28]
  48 000e 0894     		str	r4, [sp, #32]
  49 0010 0994     		str	r4, [sp, #36]
 358:Core/Src/main.c **** 
 359:Core/Src/main.c ****   /* GPIO Ports Clock Enable */
 360:Core/Src/main.c ****   __HAL_RCC_GPIOH_CLK_ENABLE();
  50              		.loc 1 360 3 is_stmt 1 view .LVU3
  51              	.LBB4:
  52              		.loc 1 360 3 view .LVU4
  53 0012 0194     		str	r4, [sp, #4]
  54              		.loc 1 360 3 view .LVU5
  55 0014 2F4B     		ldr	r3, .L3
  56 0016 1A6B     		ldr	r2, [r3, #48]
  57 0018 42F08002 		orr	r2, r2, #128
  58 001c 1A63     		str	r2, [r3, #48]
  59              		.loc 1 360 3 view .LVU6
  60 001e 1A6B     		ldr	r2, [r3, #48]
  61 0020 02F08002 		and	r2, r2, #128
  62 0024 0192     		str	r2, [sp, #4]
  63              		.loc 1 360 3 view .LVU7
  64 0026 019A     		ldr	r2, [sp, #4]
  65              	.LBE4:
  66              		.loc 1 360 3 view .LVU8
 361:Core/Src/main.c ****   __HAL_RCC_GPIOC_CLK_ENABLE();
  67              		.loc 1 361 3 view .LVU9
  68              	.LBB5:
  69              		.loc 1 361 3 view .LVU10
  70 0028 0294     		str	r4, [sp, #8]
  71              		.loc 1 361 3 view .LVU11
  72 002a 1A6B     		ldr	r2, [r3, #48]
  73 002c 42F00402 		orr	r2, r2, #4
  74 0030 1A63     		str	r2, [r3, #48]
  75              		.loc 1 361 3 view .LVU12
  76 0032 1A6B     		ldr	r2, [r3, #48]
  77 0034 02F00402 		and	r2, r2, #4
  78 0038 0292     		str	r2, [sp, #8]
  79              		.loc 1 361 3 view .LVU13
  80 003a 029A     		ldr	r2, [sp, #8]
  81              	.LBE5:
  82              		.loc 1 361 3 view .LVU14
 362:Core/Src/main.c ****   __HAL_RCC_GPIOA_CLK_ENABLE();
  83              		.loc 1 362 3 view .LVU15
  84              	.LBB6:
  85              		.loc 1 362 3 view .LVU16
  86 003c 0394     		str	r4, [sp, #12]
  87              		.loc 1 362 3 view .LVU17
  88 003e 1A6B     		ldr	r2, [r3, #48]
  89 0040 42F00102 		orr	r2, r2, #1
  90 0044 1A63     		str	r2, [r3, #48]
  91              		.loc 1 362 3 view .LVU18
  92 0046 1A6B     		ldr	r2, [r3, #48]
  93 0048 02F00102 		and	r2, r2, #1
  94 004c 0392     		str	r2, [sp, #12]
  95              		.loc 1 362 3 view .LVU19
ARM GAS  C:\Users\nguye\AppData\Local\Temp\ccM1XY5U.s 			page 9


  96 004e 039A     		ldr	r2, [sp, #12]
  97              	.LBE6:
  98              		.loc 1 362 3 view .LVU20
 363:Core/Src/main.c ****   __HAL_RCC_GPIOB_CLK_ENABLE();
  99              		.loc 1 363 3 view .LVU21
 100              	.LBB7:
 101              		.loc 1 363 3 view .LVU22
 102 0050 0494     		str	r4, [sp, #16]
 103              		.loc 1 363 3 view .LVU23
 104 0052 1A6B     		ldr	r2, [r3, #48]
 105 0054 42F00202 		orr	r2, r2, #2
 106 0058 1A63     		str	r2, [r3, #48]
 107              		.loc 1 363 3 view .LVU24
 108 005a 1B6B     		ldr	r3, [r3, #48]
 109 005c 03F00203 		and	r3, r3, #2
 110 0060 0493     		str	r3, [sp, #16]
 111              		.loc 1 363 3 view .LVU25
 112 0062 049B     		ldr	r3, [sp, #16]
 113              	.LBE7:
 114              		.loc 1 363 3 view .LVU26
 364:Core/Src/main.c **** 
 365:Core/Src/main.c ****   /*Configure GPIO pin Output Level */
 366:Core/Src/main.c ****   HAL_GPIO_WritePin(GPIOC, AUX_TRIM_Pin|SW_Right_Pin|GEAR_Pin|BTN1_LCD_Pin
 115              		.loc 1 366 3 view .LVU27
 116 0064 DFF87080 		ldr	r8, .L3+4
 117 0068 2246     		mov	r2, r4
 118 006a 40F2FF31 		movw	r1, #1023
 119 006e 4046     		mov	r0, r8
 120 0070 FFF7FEFF 		bl	HAL_GPIO_WritePin
 121              	.LVL0:
 367:Core/Src/main.c ****                           |BTN2_LCD_Pin|BTN3_LCD_Pin|BTN4_LCD_Pin|ENC_BTN_Pin
 368:Core/Src/main.c ****                           |RF_CE_Pin|RF_CS_Pin, GPIO_PIN_RESET);
 369:Core/Src/main.c **** 
 370:Core/Src/main.c ****   /*Configure GPIO pin Output Level */
 371:Core/Src/main.c ****   HAL_GPIO_WritePin(GPIOB, BTN_L_Ver_Pin|LED_Pin|Buzz_Pin|FLAP_TRIM_Pin
 122              		.loc 1 371 3 view .LVU28
 123 0074 194F     		ldr	r7, .L3+8
 124 0076 2246     		mov	r2, r4
 125 0078 42F22131 		movw	r1, #8993
 126 007c 3846     		mov	r0, r7
 127 007e FFF7FEFF 		bl	HAL_GPIO_WritePin
 128              	.LVL1:
 372:Core/Src/main.c ****                           |FLAP_Pin, GPIO_PIN_RESET);
 373:Core/Src/main.c **** 
 374:Core/Src/main.c ****   /*Configure GPIO pin Output Level */
 375:Core/Src/main.c ****   HAL_GPIO_WritePin(GPIOA, BTN_R_Hor_R_Pin|BTN_R_Hor_L_Pin|BTN_L_Hor_R_Pin|BTN_L_Hor_L_Pin
 129              		.loc 1 375 3 view .LVU29
 130 0082 174E     		ldr	r6, .L3+12
 131 0084 2246     		mov	r2, r4
 132 0086 4FF40F41 		mov	r1, #36608
 133 008a 3046     		mov	r0, r6
 134 008c FFF7FEFF 		bl	HAL_GPIO_WritePin
 135              	.LVL2:
 376:Core/Src/main.c ****                           |BTN_R_Ver_Pin, GPIO_PIN_RESET);
 377:Core/Src/main.c **** 
 378:Core/Src/main.c ****   /*Configure GPIO pins : AUX_TRIM_Pin SW_Right_Pin GEAR_Pin BTN1_LCD_Pin
 379:Core/Src/main.c ****                            BTN2_LCD_Pin BTN3_LCD_Pin BTN4_LCD_Pin ENC_BTN_Pin
ARM GAS  C:\Users\nguye\AppData\Local\Temp\ccM1XY5U.s 			page 10


 380:Core/Src/main.c ****                            RF_CE_Pin RF_CS_Pin */
 381:Core/Src/main.c ****   GPIO_InitStruct.Pin = AUX_TRIM_Pin|SW_Right_Pin|GEAR_Pin|BTN1_LCD_Pin
 136              		.loc 1 381 3 view .LVU30
 137              		.loc 1 381 23 is_stmt 0 view .LVU31
 138 0090 40F2FF33 		movw	r3, #1023
 139 0094 0593     		str	r3, [sp, #20]
 382:Core/Src/main.c ****                           |BTN2_LCD_Pin|BTN3_LCD_Pin|BTN4_LCD_Pin|ENC_BTN_Pin
 383:Core/Src/main.c ****                           |RF_CE_Pin|RF_CS_Pin;
 384:Core/Src/main.c ****   GPIO_InitStruct.Mode = GPIO_MODE_OUTPUT_PP;
 140              		.loc 1 384 3 is_stmt 1 view .LVU32
 141              		.loc 1 384 24 is_stmt 0 view .LVU33
 142 0096 0125     		movs	r5, #1
 143 0098 0695     		str	r5, [sp, #24]
 385:Core/Src/main.c ****   GPIO_InitStruct.Pull = GPIO_NOPULL;
 144              		.loc 1 385 3 is_stmt 1 view .LVU34
 145              		.loc 1 385 24 is_stmt 0 view .LVU35
 146 009a 0794     		str	r4, [sp, #28]
 386:Core/Src/main.c ****   GPIO_InitStruct.Speed = GPIO_SPEED_FREQ_LOW;
 147              		.loc 1 386 3 is_stmt 1 view .LVU36
 148              		.loc 1 386 25 is_stmt 0 view .LVU37
 149 009c 0894     		str	r4, [sp, #32]
 387:Core/Src/main.c ****   HAL_GPIO_Init(GPIOC, &GPIO_InitStruct);
 150              		.loc 1 387 3 is_stmt 1 view .LVU38
 151 009e 05A9     		add	r1, sp, #20
 152 00a0 4046     		mov	r0, r8
 153 00a2 FFF7FEFF 		bl	HAL_GPIO_Init
 154              	.LVL3:
 388:Core/Src/main.c **** 
 389:Core/Src/main.c ****   /*Configure GPIO pins : BTN_L_Ver_Pin LED_Pin Buzz_Pin FLAP_TRIM_Pin
 390:Core/Src/main.c ****                            FLAP_Pin */
 391:Core/Src/main.c ****   GPIO_InitStruct.Pin = BTN_L_Ver_Pin|LED_Pin|Buzz_Pin|FLAP_TRIM_Pin
 155              		.loc 1 391 3 view .LVU39
 156              		.loc 1 391 23 is_stmt 0 view .LVU40
 157 00a6 42F22133 		movw	r3, #8993
 158 00aa 0593     		str	r3, [sp, #20]
 392:Core/Src/main.c ****                           |FLAP_Pin;
 393:Core/Src/main.c ****   GPIO_InitStruct.Mode = GPIO_MODE_OUTPUT_PP;
 159              		.loc 1 393 3 is_stmt 1 view .LVU41
 160              		.loc 1 393 24 is_stmt 0 view .LVU42
 161 00ac 0695     		str	r5, [sp, #24]
 394:Core/Src/main.c ****   GPIO_InitStruct.Pull = GPIO_NOPULL;
 162              		.loc 1 394 3 is_stmt 1 view .LVU43
 163              		.loc 1 394 24 is_stmt 0 view .LVU44
 164 00ae 0794     		str	r4, [sp, #28]
 395:Core/Src/main.c ****   GPIO_InitStruct.Speed = GPIO_SPEED_FREQ_LOW;
 165              		.loc 1 395 3 is_stmt 1 view .LVU45
 166              		.loc 1 395 25 is_stmt 0 view .LVU46
 167 00b0 0894     		str	r4, [sp, #32]
 396:Core/Src/main.c ****   HAL_GPIO_Init(GPIOB, &GPIO_InitStruct);
 168              		.loc 1 396 3 is_stmt 1 view .LVU47
 169 00b2 05A9     		add	r1, sp, #20
 170 00b4 3846     		mov	r0, r7
 171 00b6 FFF7FEFF 		bl	HAL_GPIO_Init
 172              	.LVL4:
 397:Core/Src/main.c **** 
 398:Core/Src/main.c ****   /*Configure GPIO pins : BTN_R_Hor_R_Pin BTN_R_Hor_L_Pin BTN_L_Hor_R_Pin BTN_L_Hor_L_Pin
 399:Core/Src/main.c ****                            BTN_R_Ver_Pin */
ARM GAS  C:\Users\nguye\AppData\Local\Temp\ccM1XY5U.s 			page 11


 400:Core/Src/main.c ****   GPIO_InitStruct.Pin = BTN_R_Hor_R_Pin|BTN_R_Hor_L_Pin|BTN_L_Hor_R_Pin|BTN_L_Hor_L_Pin
 173              		.loc 1 400 3 view .LVU48
 174              		.loc 1 400 23 is_stmt 0 view .LVU49
 175 00ba 4FF40F43 		mov	r3, #36608
 176 00be 0593     		str	r3, [sp, #20]
 401:Core/Src/main.c ****                           |BTN_R_Ver_Pin;
 402:Core/Src/main.c ****   GPIO_InitStruct.Mode = GPIO_MODE_OUTPUT_PP;
 177              		.loc 1 402 3 is_stmt 1 view .LVU50
 178              		.loc 1 402 24 is_stmt 0 view .LVU51
 179 00c0 0695     		str	r5, [sp, #24]
 403:Core/Src/main.c ****   GPIO_InitStruct.Pull = GPIO_NOPULL;
 180              		.loc 1 403 3 is_stmt 1 view .LVU52
 181              		.loc 1 403 24 is_stmt 0 view .LVU53
 182 00c2 0794     		str	r4, [sp, #28]
 404:Core/Src/main.c ****   GPIO_InitStruct.Speed = GPIO_SPEED_FREQ_LOW;
 183              		.loc 1 404 3 is_stmt 1 view .LVU54
 184              		.loc 1 404 25 is_stmt 0 view .LVU55
 185 00c4 0894     		str	r4, [sp, #32]
 405:Core/Src/main.c ****   HAL_GPIO_Init(GPIOA, &GPIO_InitStruct);
 186              		.loc 1 405 3 is_stmt 1 view .LVU56
 187 00c6 05A9     		add	r1, sp, #20
 188 00c8 3046     		mov	r0, r6
 189 00ca FFF7FEFF 		bl	HAL_GPIO_Init
 190              	.LVL5:
 406:Core/Src/main.c **** 
 407:Core/Src/main.c **** }
 191              		.loc 1 407 1 is_stmt 0 view .LVU57
 192 00ce 0AB0     		add	sp, sp, #40
 193              	.LCFI2:
 194              		.cfi_def_cfa_offset 24
 195              		@ sp needed
 196 00d0 BDE8F081 		pop	{r4, r5, r6, r7, r8, pc}
 197              	.L4:
 198              		.align	2
 199              	.L3:
 200 00d4 00380240 		.word	1073887232
 201 00d8 00080240 		.word	1073874944
 202 00dc 00040240 		.word	1073873920
 203 00e0 00000240 		.word	1073872896
 204              		.cfi_endproc
 205              	.LFE81:
 207              		.section	.text.Error_Handler,"ax",%progbits
 208              		.align	1
 209              		.global	Error_Handler
 210              		.syntax unified
 211              		.thumb
 212              		.thumb_func
 214              	Error_Handler:
 215              	.LFB82:
 408:Core/Src/main.c **** 
 409:Core/Src/main.c **** /* USER CODE BEGIN 4 */
 410:Core/Src/main.c **** 
 411:Core/Src/main.c **** /* USER CODE END 4 */
 412:Core/Src/main.c **** 
 413:Core/Src/main.c **** /**
 414:Core/Src/main.c ****   * @brief  This function is executed in case of error occurrence.
 415:Core/Src/main.c ****   * @retval None
ARM GAS  C:\Users\nguye\AppData\Local\Temp\ccM1XY5U.s 			page 12


 416:Core/Src/main.c ****   */
 417:Core/Src/main.c **** void Error_Handler(void)
 418:Core/Src/main.c **** {
 216              		.loc 1 418 1 is_stmt 1 view -0
 217              		.cfi_startproc
 218              		@ Volatile: function does not return.
 219              		@ args = 0, pretend = 0, frame = 0
 220              		@ frame_needed = 0, uses_anonymous_args = 0
 221              		@ link register save eliminated.
 419:Core/Src/main.c ****   /* USER CODE BEGIN Error_Handler_Debug */
 420:Core/Src/main.c ****   /* User can add his own implementation to report the HAL error return state */
 421:Core/Src/main.c ****   __disable_irq();
 222              		.loc 1 421 3 view .LVU59
 223              	.LBB8:
 224              	.LBI8:
 225              		.file 2 "Drivers/CMSIS/Include/cmsis_gcc.h"
   1:Drivers/CMSIS/Include/cmsis_gcc.h **** /**************************************************************************//**
   2:Drivers/CMSIS/Include/cmsis_gcc.h ****  * @file     cmsis_gcc.h
   3:Drivers/CMSIS/Include/cmsis_gcc.h ****  * @brief    CMSIS compiler GCC header file
   4:Drivers/CMSIS/Include/cmsis_gcc.h ****  * @version  V5.0.4
   5:Drivers/CMSIS/Include/cmsis_gcc.h ****  * @date     09. April 2018
   6:Drivers/CMSIS/Include/cmsis_gcc.h ****  ******************************************************************************/
   7:Drivers/CMSIS/Include/cmsis_gcc.h **** /*
   8:Drivers/CMSIS/Include/cmsis_gcc.h ****  * Copyright (c) 2009-2018 Arm Limited. All rights reserved.
   9:Drivers/CMSIS/Include/cmsis_gcc.h ****  *
  10:Drivers/CMSIS/Include/cmsis_gcc.h ****  * SPDX-License-Identifier: Apache-2.0
  11:Drivers/CMSIS/Include/cmsis_gcc.h ****  *
  12:Drivers/CMSIS/Include/cmsis_gcc.h ****  * Licensed under the Apache License, Version 2.0 (the License); you may
  13:Drivers/CMSIS/Include/cmsis_gcc.h ****  * not use this file except in compliance with the License.
  14:Drivers/CMSIS/Include/cmsis_gcc.h ****  * You may obtain a copy of the License at
  15:Drivers/CMSIS/Include/cmsis_gcc.h ****  *
  16:Drivers/CMSIS/Include/cmsis_gcc.h ****  * www.apache.org/licenses/LICENSE-2.0
  17:Drivers/CMSIS/Include/cmsis_gcc.h ****  *
  18:Drivers/CMSIS/Include/cmsis_gcc.h ****  * Unless required by applicable law or agreed to in writing, software
  19:Drivers/CMSIS/Include/cmsis_gcc.h ****  * distributed under the License is distributed on an AS IS BASIS, WITHOUT
  20:Drivers/CMSIS/Include/cmsis_gcc.h ****  * WARRANTIES OR CONDITIONS OF ANY KIND, either express or implied.
  21:Drivers/CMSIS/Include/cmsis_gcc.h ****  * See the License for the specific language governing permissions and
  22:Drivers/CMSIS/Include/cmsis_gcc.h ****  * limitations under the License.
  23:Drivers/CMSIS/Include/cmsis_gcc.h ****  */
  24:Drivers/CMSIS/Include/cmsis_gcc.h **** 
  25:Drivers/CMSIS/Include/cmsis_gcc.h **** #ifndef __CMSIS_GCC_H
  26:Drivers/CMSIS/Include/cmsis_gcc.h **** #define __CMSIS_GCC_H
  27:Drivers/CMSIS/Include/cmsis_gcc.h **** 
  28:Drivers/CMSIS/Include/cmsis_gcc.h **** /* ignore some GCC warnings */
  29:Drivers/CMSIS/Include/cmsis_gcc.h **** #pragma GCC diagnostic push
  30:Drivers/CMSIS/Include/cmsis_gcc.h **** #pragma GCC diagnostic ignored "-Wsign-conversion"
  31:Drivers/CMSIS/Include/cmsis_gcc.h **** #pragma GCC diagnostic ignored "-Wconversion"
  32:Drivers/CMSIS/Include/cmsis_gcc.h **** #pragma GCC diagnostic ignored "-Wunused-parameter"
  33:Drivers/CMSIS/Include/cmsis_gcc.h **** 
  34:Drivers/CMSIS/Include/cmsis_gcc.h **** /* Fallback for __has_builtin */
  35:Drivers/CMSIS/Include/cmsis_gcc.h **** #ifndef __has_builtin
  36:Drivers/CMSIS/Include/cmsis_gcc.h ****   #define __has_builtin(x) (0)
  37:Drivers/CMSIS/Include/cmsis_gcc.h **** #endif
  38:Drivers/CMSIS/Include/cmsis_gcc.h **** 
  39:Drivers/CMSIS/Include/cmsis_gcc.h **** /* CMSIS compiler specific defines */
  40:Drivers/CMSIS/Include/cmsis_gcc.h **** #ifndef   __ASM
  41:Drivers/CMSIS/Include/cmsis_gcc.h ****   #define __ASM                                  __asm
ARM GAS  C:\Users\nguye\AppData\Local\Temp\ccM1XY5U.s 			page 13


  42:Drivers/CMSIS/Include/cmsis_gcc.h **** #endif
  43:Drivers/CMSIS/Include/cmsis_gcc.h **** #ifndef   __INLINE
  44:Drivers/CMSIS/Include/cmsis_gcc.h ****   #define __INLINE                               inline
  45:Drivers/CMSIS/Include/cmsis_gcc.h **** #endif
  46:Drivers/CMSIS/Include/cmsis_gcc.h **** #ifndef   __STATIC_INLINE
  47:Drivers/CMSIS/Include/cmsis_gcc.h ****   #define __STATIC_INLINE                        static inline
  48:Drivers/CMSIS/Include/cmsis_gcc.h **** #endif
  49:Drivers/CMSIS/Include/cmsis_gcc.h **** #ifndef   __STATIC_FORCEINLINE                 
  50:Drivers/CMSIS/Include/cmsis_gcc.h ****   #define __STATIC_FORCEINLINE                   __attribute__((always_inline)) static inline
  51:Drivers/CMSIS/Include/cmsis_gcc.h **** #endif                                           
  52:Drivers/CMSIS/Include/cmsis_gcc.h **** #ifndef   __NO_RETURN
  53:Drivers/CMSIS/Include/cmsis_gcc.h ****   #define __NO_RETURN                            __attribute__((__noreturn__))
  54:Drivers/CMSIS/Include/cmsis_gcc.h **** #endif
  55:Drivers/CMSIS/Include/cmsis_gcc.h **** #ifndef   __USED
  56:Drivers/CMSIS/Include/cmsis_gcc.h ****   #define __USED                                 __attribute__((used))
  57:Drivers/CMSIS/Include/cmsis_gcc.h **** #endif
  58:Drivers/CMSIS/Include/cmsis_gcc.h **** #ifndef   __WEAK
  59:Drivers/CMSIS/Include/cmsis_gcc.h ****   #define __WEAK                                 __attribute__((weak))
  60:Drivers/CMSIS/Include/cmsis_gcc.h **** #endif
  61:Drivers/CMSIS/Include/cmsis_gcc.h **** #ifndef   __PACKED
  62:Drivers/CMSIS/Include/cmsis_gcc.h ****   #define __PACKED                               __attribute__((packed, aligned(1)))
  63:Drivers/CMSIS/Include/cmsis_gcc.h **** #endif
  64:Drivers/CMSIS/Include/cmsis_gcc.h **** #ifndef   __PACKED_STRUCT
  65:Drivers/CMSIS/Include/cmsis_gcc.h ****   #define __PACKED_STRUCT                        struct __attribute__((packed, aligned(1)))
  66:Drivers/CMSIS/Include/cmsis_gcc.h **** #endif
  67:Drivers/CMSIS/Include/cmsis_gcc.h **** #ifndef   __PACKED_UNION
  68:Drivers/CMSIS/Include/cmsis_gcc.h ****   #define __PACKED_UNION                         union __attribute__((packed, aligned(1)))
  69:Drivers/CMSIS/Include/cmsis_gcc.h **** #endif
  70:Drivers/CMSIS/Include/cmsis_gcc.h **** #ifndef   __UNALIGNED_UINT32        /* deprecated */
  71:Drivers/CMSIS/Include/cmsis_gcc.h ****   #pragma GCC diagnostic push
  72:Drivers/CMSIS/Include/cmsis_gcc.h ****   #pragma GCC diagnostic ignored "-Wpacked"
  73:Drivers/CMSIS/Include/cmsis_gcc.h ****   #pragma GCC diagnostic ignored "-Wattributes"
  74:Drivers/CMSIS/Include/cmsis_gcc.h ****   struct __attribute__((packed)) T_UINT32 { uint32_t v; };
  75:Drivers/CMSIS/Include/cmsis_gcc.h ****   #pragma GCC diagnostic pop
  76:Drivers/CMSIS/Include/cmsis_gcc.h ****   #define __UNALIGNED_UINT32(x)                  (((struct T_UINT32 *)(x))->v)
  77:Drivers/CMSIS/Include/cmsis_gcc.h **** #endif
  78:Drivers/CMSIS/Include/cmsis_gcc.h **** #ifndef   __UNALIGNED_UINT16_WRITE
  79:Drivers/CMSIS/Include/cmsis_gcc.h ****   #pragma GCC diagnostic push
  80:Drivers/CMSIS/Include/cmsis_gcc.h ****   #pragma GCC diagnostic ignored "-Wpacked"
  81:Drivers/CMSIS/Include/cmsis_gcc.h ****   #pragma GCC diagnostic ignored "-Wattributes"
  82:Drivers/CMSIS/Include/cmsis_gcc.h ****   __PACKED_STRUCT T_UINT16_WRITE { uint16_t v; };
  83:Drivers/CMSIS/Include/cmsis_gcc.h ****   #pragma GCC diagnostic pop
  84:Drivers/CMSIS/Include/cmsis_gcc.h ****   #define __UNALIGNED_UINT16_WRITE(addr, val)    (void)((((struct T_UINT16_WRITE *)(void *)(addr))-
  85:Drivers/CMSIS/Include/cmsis_gcc.h **** #endif
  86:Drivers/CMSIS/Include/cmsis_gcc.h **** #ifndef   __UNALIGNED_UINT16_READ
  87:Drivers/CMSIS/Include/cmsis_gcc.h ****   #pragma GCC diagnostic push
  88:Drivers/CMSIS/Include/cmsis_gcc.h ****   #pragma GCC diagnostic ignored "-Wpacked"
  89:Drivers/CMSIS/Include/cmsis_gcc.h ****   #pragma GCC diagnostic ignored "-Wattributes"
  90:Drivers/CMSIS/Include/cmsis_gcc.h ****   __PACKED_STRUCT T_UINT16_READ { uint16_t v; };
  91:Drivers/CMSIS/Include/cmsis_gcc.h ****   #pragma GCC diagnostic pop
  92:Drivers/CMSIS/Include/cmsis_gcc.h ****   #define __UNALIGNED_UINT16_READ(addr)          (((const struct T_UINT16_READ *)(const void *)(add
  93:Drivers/CMSIS/Include/cmsis_gcc.h **** #endif
  94:Drivers/CMSIS/Include/cmsis_gcc.h **** #ifndef   __UNALIGNED_UINT32_WRITE
  95:Drivers/CMSIS/Include/cmsis_gcc.h ****   #pragma GCC diagnostic push
  96:Drivers/CMSIS/Include/cmsis_gcc.h ****   #pragma GCC diagnostic ignored "-Wpacked"
  97:Drivers/CMSIS/Include/cmsis_gcc.h ****   #pragma GCC diagnostic ignored "-Wattributes"
  98:Drivers/CMSIS/Include/cmsis_gcc.h ****   __PACKED_STRUCT T_UINT32_WRITE { uint32_t v; };
ARM GAS  C:\Users\nguye\AppData\Local\Temp\ccM1XY5U.s 			page 14


  99:Drivers/CMSIS/Include/cmsis_gcc.h ****   #pragma GCC diagnostic pop
 100:Drivers/CMSIS/Include/cmsis_gcc.h ****   #define __UNALIGNED_UINT32_WRITE(addr, val)    (void)((((struct T_UINT32_WRITE *)(void *)(addr))-
 101:Drivers/CMSIS/Include/cmsis_gcc.h **** #endif
 102:Drivers/CMSIS/Include/cmsis_gcc.h **** #ifndef   __UNALIGNED_UINT32_READ
 103:Drivers/CMSIS/Include/cmsis_gcc.h ****   #pragma GCC diagnostic push
 104:Drivers/CMSIS/Include/cmsis_gcc.h ****   #pragma GCC diagnostic ignored "-Wpacked"
 105:Drivers/CMSIS/Include/cmsis_gcc.h ****   #pragma GCC diagnostic ignored "-Wattributes"
 106:Drivers/CMSIS/Include/cmsis_gcc.h ****   __PACKED_STRUCT T_UINT32_READ { uint32_t v; };
 107:Drivers/CMSIS/Include/cmsis_gcc.h ****   #pragma GCC diagnostic pop
 108:Drivers/CMSIS/Include/cmsis_gcc.h ****   #define __UNALIGNED_UINT32_READ(addr)          (((const struct T_UINT32_READ *)(const void *)(add
 109:Drivers/CMSIS/Include/cmsis_gcc.h **** #endif
 110:Drivers/CMSIS/Include/cmsis_gcc.h **** #ifndef   __ALIGNED
 111:Drivers/CMSIS/Include/cmsis_gcc.h ****   #define __ALIGNED(x)                           __attribute__((aligned(x)))
 112:Drivers/CMSIS/Include/cmsis_gcc.h **** #endif
 113:Drivers/CMSIS/Include/cmsis_gcc.h **** #ifndef   __RESTRICT
 114:Drivers/CMSIS/Include/cmsis_gcc.h ****   #define __RESTRICT                             __restrict
 115:Drivers/CMSIS/Include/cmsis_gcc.h **** #endif
 116:Drivers/CMSIS/Include/cmsis_gcc.h **** 
 117:Drivers/CMSIS/Include/cmsis_gcc.h **** 
 118:Drivers/CMSIS/Include/cmsis_gcc.h **** /* ###########################  Core Function Access  ########################### */
 119:Drivers/CMSIS/Include/cmsis_gcc.h **** /** \ingroup  CMSIS_Core_FunctionInterface
 120:Drivers/CMSIS/Include/cmsis_gcc.h ****     \defgroup CMSIS_Core_RegAccFunctions CMSIS Core Register Access Functions
 121:Drivers/CMSIS/Include/cmsis_gcc.h ****   @{
 122:Drivers/CMSIS/Include/cmsis_gcc.h ****  */
 123:Drivers/CMSIS/Include/cmsis_gcc.h **** 
 124:Drivers/CMSIS/Include/cmsis_gcc.h **** /**
 125:Drivers/CMSIS/Include/cmsis_gcc.h ****   \brief   Enable IRQ Interrupts
 126:Drivers/CMSIS/Include/cmsis_gcc.h ****   \details Enables IRQ interrupts by clearing the I-bit in the CPSR.
 127:Drivers/CMSIS/Include/cmsis_gcc.h ****            Can only be executed in Privileged modes.
 128:Drivers/CMSIS/Include/cmsis_gcc.h ****  */
 129:Drivers/CMSIS/Include/cmsis_gcc.h **** __STATIC_FORCEINLINE void __enable_irq(void)
 130:Drivers/CMSIS/Include/cmsis_gcc.h **** {
 131:Drivers/CMSIS/Include/cmsis_gcc.h ****   __ASM volatile ("cpsie i" : : : "memory");
 132:Drivers/CMSIS/Include/cmsis_gcc.h **** }
 133:Drivers/CMSIS/Include/cmsis_gcc.h **** 
 134:Drivers/CMSIS/Include/cmsis_gcc.h **** 
 135:Drivers/CMSIS/Include/cmsis_gcc.h **** /**
 136:Drivers/CMSIS/Include/cmsis_gcc.h ****   \brief   Disable IRQ Interrupts
 137:Drivers/CMSIS/Include/cmsis_gcc.h ****   \details Disables IRQ interrupts by setting the I-bit in the CPSR.
 138:Drivers/CMSIS/Include/cmsis_gcc.h ****            Can only be executed in Privileged modes.
 139:Drivers/CMSIS/Include/cmsis_gcc.h ****  */
 140:Drivers/CMSIS/Include/cmsis_gcc.h **** __STATIC_FORCEINLINE void __disable_irq(void)
 226              		.loc 2 140 27 view .LVU60
 227              	.LBB9:
 141:Drivers/CMSIS/Include/cmsis_gcc.h **** {
 142:Drivers/CMSIS/Include/cmsis_gcc.h ****   __ASM volatile ("cpsid i" : : : "memory");
 228              		.loc 2 142 3 view .LVU61
 229              		.syntax unified
 230              	@ 142 "Drivers/CMSIS/Include/cmsis_gcc.h" 1
 231 0000 72B6     		cpsid i
 232              	@ 0 "" 2
 233              		.thumb
 234              		.syntax unified
 235              	.L6:
 236              	.LBE9:
 237              	.LBE8:
 422:Core/Src/main.c ****   while (1)
ARM GAS  C:\Users\nguye\AppData\Local\Temp\ccM1XY5U.s 			page 15


 238              		.loc 1 422 3 discriminator 1 view .LVU62
 423:Core/Src/main.c ****   {
 424:Core/Src/main.c ****   }
 239              		.loc 1 424 3 discriminator 1 view .LVU63
 422:Core/Src/main.c ****   while (1)
 240              		.loc 1 422 9 discriminator 1 view .LVU64
 241 0002 FEE7     		b	.L6
 242              		.cfi_endproc
 243              	.LFE82:
 245              		.section	.text.MX_ADC1_Init,"ax",%progbits
 246              		.align	1
 247              		.syntax unified
 248              		.thumb
 249              		.thumb_func
 251              	MX_ADC1_Init:
 252              	.LFB77:
 201:Core/Src/main.c **** 
 253              		.loc 1 201 1 view -0
 254              		.cfi_startproc
 255              		@ args = 0, pretend = 0, frame = 16
 256              		@ frame_needed = 0, uses_anonymous_args = 0
 257 0000 00B5     		push	{lr}
 258              	.LCFI3:
 259              		.cfi_def_cfa_offset 4
 260              		.cfi_offset 14, -4
 261 0002 85B0     		sub	sp, sp, #20
 262              	.LCFI4:
 263              		.cfi_def_cfa_offset 24
 207:Core/Src/main.c **** 
 264              		.loc 1 207 3 view .LVU66
 207:Core/Src/main.c **** 
 265              		.loc 1 207 26 is_stmt 0 view .LVU67
 266 0004 0023     		movs	r3, #0
 267 0006 0093     		str	r3, [sp]
 268 0008 0193     		str	r3, [sp, #4]
 269 000a 0293     		str	r3, [sp, #8]
 270 000c 0393     		str	r3, [sp, #12]
 214:Core/Src/main.c ****   hadc1.Init.ClockPrescaler = ADC_CLOCK_SYNC_PCLK_DIV2;
 271              		.loc 1 214 3 is_stmt 1 view .LVU68
 214:Core/Src/main.c ****   hadc1.Init.ClockPrescaler = ADC_CLOCK_SYNC_PCLK_DIV2;
 272              		.loc 1 214 18 is_stmt 0 view .LVU69
 273 000e 1348     		ldr	r0, .L13
 274 0010 134A     		ldr	r2, .L13+4
 275 0012 0260     		str	r2, [r0]
 215:Core/Src/main.c ****   hadc1.Init.Resolution = ADC_RESOLUTION_12B;
 276              		.loc 1 215 3 is_stmt 1 view .LVU70
 215:Core/Src/main.c ****   hadc1.Init.Resolution = ADC_RESOLUTION_12B;
 277              		.loc 1 215 29 is_stmt 0 view .LVU71
 278 0014 4360     		str	r3, [r0, #4]
 216:Core/Src/main.c ****   hadc1.Init.ScanConvMode = DISABLE;
 279              		.loc 1 216 3 is_stmt 1 view .LVU72
 216:Core/Src/main.c ****   hadc1.Init.ScanConvMode = DISABLE;
 280              		.loc 1 216 25 is_stmt 0 view .LVU73
 281 0016 8360     		str	r3, [r0, #8]
 217:Core/Src/main.c ****   hadc1.Init.ContinuousConvMode = DISABLE;
 282              		.loc 1 217 3 is_stmt 1 view .LVU74
 217:Core/Src/main.c ****   hadc1.Init.ContinuousConvMode = DISABLE;
ARM GAS  C:\Users\nguye\AppData\Local\Temp\ccM1XY5U.s 			page 16


 283              		.loc 1 217 27 is_stmt 0 view .LVU75
 284 0018 0361     		str	r3, [r0, #16]
 218:Core/Src/main.c ****   hadc1.Init.DiscontinuousConvMode = DISABLE;
 285              		.loc 1 218 3 is_stmt 1 view .LVU76
 218:Core/Src/main.c ****   hadc1.Init.DiscontinuousConvMode = DISABLE;
 286              		.loc 1 218 33 is_stmt 0 view .LVU77
 287 001a 0376     		strb	r3, [r0, #24]
 219:Core/Src/main.c ****   hadc1.Init.ExternalTrigConvEdge = ADC_EXTERNALTRIGCONVEDGE_NONE;
 288              		.loc 1 219 3 is_stmt 1 view .LVU78
 219:Core/Src/main.c ****   hadc1.Init.ExternalTrigConvEdge = ADC_EXTERNALTRIGCONVEDGE_NONE;
 289              		.loc 1 219 36 is_stmt 0 view .LVU79
 290 001c 80F82030 		strb	r3, [r0, #32]
 220:Core/Src/main.c ****   hadc1.Init.ExternalTrigConv = ADC_SOFTWARE_START;
 291              		.loc 1 220 3 is_stmt 1 view .LVU80
 220:Core/Src/main.c ****   hadc1.Init.ExternalTrigConv = ADC_SOFTWARE_START;
 292              		.loc 1 220 35 is_stmt 0 view .LVU81
 293 0020 C362     		str	r3, [r0, #44]
 221:Core/Src/main.c ****   hadc1.Init.DataAlign = ADC_DATAALIGN_RIGHT;
 294              		.loc 1 221 3 is_stmt 1 view .LVU82
 221:Core/Src/main.c ****   hadc1.Init.DataAlign = ADC_DATAALIGN_RIGHT;
 295              		.loc 1 221 31 is_stmt 0 view .LVU83
 296 0022 104A     		ldr	r2, .L13+8
 297 0024 8262     		str	r2, [r0, #40]
 222:Core/Src/main.c ****   hadc1.Init.NbrOfConversion = 1;
 298              		.loc 1 222 3 is_stmt 1 view .LVU84
 222:Core/Src/main.c ****   hadc1.Init.NbrOfConversion = 1;
 299              		.loc 1 222 24 is_stmt 0 view .LVU85
 300 0026 C360     		str	r3, [r0, #12]
 223:Core/Src/main.c ****   hadc1.Init.DMAContinuousRequests = DISABLE;
 301              		.loc 1 223 3 is_stmt 1 view .LVU86
 223:Core/Src/main.c ****   hadc1.Init.DMAContinuousRequests = DISABLE;
 302              		.loc 1 223 30 is_stmt 0 view .LVU87
 303 0028 0122     		movs	r2, #1
 304 002a C261     		str	r2, [r0, #28]
 224:Core/Src/main.c ****   hadc1.Init.EOCSelection = ADC_EOC_SINGLE_CONV;
 305              		.loc 1 224 3 is_stmt 1 view .LVU88
 224:Core/Src/main.c ****   hadc1.Init.EOCSelection = ADC_EOC_SINGLE_CONV;
 306              		.loc 1 224 36 is_stmt 0 view .LVU89
 307 002c 80F83030 		strb	r3, [r0, #48]
 225:Core/Src/main.c ****   if (HAL_ADC_Init(&hadc1) != HAL_OK)
 308              		.loc 1 225 3 is_stmt 1 view .LVU90
 225:Core/Src/main.c ****   if (HAL_ADC_Init(&hadc1) != HAL_OK)
 309              		.loc 1 225 27 is_stmt 0 view .LVU91
 310 0030 4261     		str	r2, [r0, #20]
 226:Core/Src/main.c ****   {
 311              		.loc 1 226 3 is_stmt 1 view .LVU92
 226:Core/Src/main.c ****   {
 312              		.loc 1 226 7 is_stmt 0 view .LVU93
 313 0032 FFF7FEFF 		bl	HAL_ADC_Init
 314              	.LVL6:
 226:Core/Src/main.c ****   {
 315              		.loc 1 226 6 view .LVU94
 316 0036 60B9     		cbnz	r0, .L11
 232:Core/Src/main.c ****   sConfig.Rank = 1;
 317              		.loc 1 232 3 is_stmt 1 view .LVU95
 232:Core/Src/main.c ****   sConfig.Rank = 1;
 318              		.loc 1 232 19 is_stmt 0 view .LVU96
ARM GAS  C:\Users\nguye\AppData\Local\Temp\ccM1XY5U.s 			page 17


 319 0038 0123     		movs	r3, #1
 320 003a 0093     		str	r3, [sp]
 233:Core/Src/main.c ****   sConfig.SamplingTime = ADC_SAMPLETIME_3CYCLES;
 321              		.loc 1 233 3 is_stmt 1 view .LVU97
 233:Core/Src/main.c ****   sConfig.SamplingTime = ADC_SAMPLETIME_3CYCLES;
 322              		.loc 1 233 16 is_stmt 0 view .LVU98
 323 003c 0193     		str	r3, [sp, #4]
 234:Core/Src/main.c ****   if (HAL_ADC_ConfigChannel(&hadc1, &sConfig) != HAL_OK)
 324              		.loc 1 234 3 is_stmt 1 view .LVU99
 234:Core/Src/main.c ****   if (HAL_ADC_ConfigChannel(&hadc1, &sConfig) != HAL_OK)
 325              		.loc 1 234 24 is_stmt 0 view .LVU100
 326 003e 0023     		movs	r3, #0
 327 0040 0293     		str	r3, [sp, #8]
 235:Core/Src/main.c ****   {
 328              		.loc 1 235 3 is_stmt 1 view .LVU101
 235:Core/Src/main.c ****   {
 329              		.loc 1 235 7 is_stmt 0 view .LVU102
 330 0042 6946     		mov	r1, sp
 331 0044 0548     		ldr	r0, .L13
 332 0046 FFF7FEFF 		bl	HAL_ADC_ConfigChannel
 333              	.LVL7:
 235:Core/Src/main.c ****   {
 334              		.loc 1 235 6 view .LVU103
 335 004a 20B9     		cbnz	r0, .L12
 243:Core/Src/main.c **** 
 336              		.loc 1 243 1 view .LVU104
 337 004c 05B0     		add	sp, sp, #20
 338              	.LCFI5:
 339              		.cfi_remember_state
 340              		.cfi_def_cfa_offset 4
 341              		@ sp needed
 342 004e 5DF804FB 		ldr	pc, [sp], #4
 343              	.L11:
 344              	.LCFI6:
 345              		.cfi_restore_state
 228:Core/Src/main.c ****   }
 346              		.loc 1 228 5 is_stmt 1 view .LVU105
 347 0052 FFF7FEFF 		bl	Error_Handler
 348              	.LVL8:
 349              	.L12:
 237:Core/Src/main.c ****   }
 350              		.loc 1 237 5 view .LVU106
 351 0056 FFF7FEFF 		bl	Error_Handler
 352              	.LVL9:
 353              	.L14:
 354 005a 00BF     		.align	2
 355              	.L13:
 356 005c 00000000 		.word	.LANCHOR0
 357 0060 00200140 		.word	1073815552
 358 0064 0100000F 		.word	251658241
 359              		.cfi_endproc
 360              	.LFE77:
 362              		.section	.text.MX_I2C1_Init,"ax",%progbits
 363              		.align	1
 364              		.syntax unified
 365              		.thumb
 366              		.thumb_func
ARM GAS  C:\Users\nguye\AppData\Local\Temp\ccM1XY5U.s 			page 18


 368              	MX_I2C1_Init:
 369              	.LFB78:
 251:Core/Src/main.c **** 
 370              		.loc 1 251 1 view -0
 371              		.cfi_startproc
 372              		@ args = 0, pretend = 0, frame = 0
 373              		@ frame_needed = 0, uses_anonymous_args = 0
 374 0000 08B5     		push	{r3, lr}
 375              	.LCFI7:
 376              		.cfi_def_cfa_offset 8
 377              		.cfi_offset 3, -8
 378              		.cfi_offset 14, -4
 260:Core/Src/main.c ****   hi2c1.Init.ClockSpeed = 100000;
 379              		.loc 1 260 3 view .LVU108
 260:Core/Src/main.c ****   hi2c1.Init.ClockSpeed = 100000;
 380              		.loc 1 260 18 is_stmt 0 view .LVU109
 381 0002 0A48     		ldr	r0, .L19
 382 0004 0A4B     		ldr	r3, .L19+4
 383 0006 0360     		str	r3, [r0]
 261:Core/Src/main.c ****   hi2c1.Init.DutyCycle = I2C_DUTYCYCLE_2;
 384              		.loc 1 261 3 is_stmt 1 view .LVU110
 261:Core/Src/main.c ****   hi2c1.Init.DutyCycle = I2C_DUTYCYCLE_2;
 385              		.loc 1 261 25 is_stmt 0 view .LVU111
 386 0008 0A4B     		ldr	r3, .L19+8
 387 000a 4360     		str	r3, [r0, #4]
 262:Core/Src/main.c ****   hi2c1.Init.OwnAddress1 = 0;
 388              		.loc 1 262 3 is_stmt 1 view .LVU112
 262:Core/Src/main.c ****   hi2c1.Init.OwnAddress1 = 0;
 389              		.loc 1 262 24 is_stmt 0 view .LVU113
 390 000c 0023     		movs	r3, #0
 391 000e 8360     		str	r3, [r0, #8]
 263:Core/Src/main.c ****   hi2c1.Init.AddressingMode = I2C_ADDRESSINGMODE_7BIT;
 392              		.loc 1 263 3 is_stmt 1 view .LVU114
 263:Core/Src/main.c ****   hi2c1.Init.AddressingMode = I2C_ADDRESSINGMODE_7BIT;
 393              		.loc 1 263 26 is_stmt 0 view .LVU115
 394 0010 C360     		str	r3, [r0, #12]
 264:Core/Src/main.c ****   hi2c1.Init.DualAddressMode = I2C_DUALADDRESS_DISABLE;
 395              		.loc 1 264 3 is_stmt 1 view .LVU116
 264:Core/Src/main.c ****   hi2c1.Init.DualAddressMode = I2C_DUALADDRESS_DISABLE;
 396              		.loc 1 264 29 is_stmt 0 view .LVU117
 397 0012 4FF48042 		mov	r2, #16384
 398 0016 0261     		str	r2, [r0, #16]
 265:Core/Src/main.c ****   hi2c1.Init.OwnAddress2 = 0;
 399              		.loc 1 265 3 is_stmt 1 view .LVU118
 265:Core/Src/main.c ****   hi2c1.Init.OwnAddress2 = 0;
 400              		.loc 1 265 30 is_stmt 0 view .LVU119
 401 0018 4361     		str	r3, [r0, #20]
 266:Core/Src/main.c ****   hi2c1.Init.GeneralCallMode = I2C_GENERALCALL_DISABLE;
 402              		.loc 1 266 3 is_stmt 1 view .LVU120
 266:Core/Src/main.c ****   hi2c1.Init.GeneralCallMode = I2C_GENERALCALL_DISABLE;
 403              		.loc 1 266 26 is_stmt 0 view .LVU121
 404 001a 8361     		str	r3, [r0, #24]
 267:Core/Src/main.c ****   hi2c1.Init.NoStretchMode = I2C_NOSTRETCH_DISABLE;
 405              		.loc 1 267 3 is_stmt 1 view .LVU122
 267:Core/Src/main.c ****   hi2c1.Init.NoStretchMode = I2C_NOSTRETCH_DISABLE;
 406              		.loc 1 267 30 is_stmt 0 view .LVU123
 407 001c C361     		str	r3, [r0, #28]
ARM GAS  C:\Users\nguye\AppData\Local\Temp\ccM1XY5U.s 			page 19


 268:Core/Src/main.c ****   if (HAL_I2C_Init(&hi2c1) != HAL_OK)
 408              		.loc 1 268 3 is_stmt 1 view .LVU124
 268:Core/Src/main.c ****   if (HAL_I2C_Init(&hi2c1) != HAL_OK)
 409              		.loc 1 268 28 is_stmt 0 view .LVU125
 410 001e 0362     		str	r3, [r0, #32]
 269:Core/Src/main.c ****   {
 411              		.loc 1 269 3 is_stmt 1 view .LVU126
 269:Core/Src/main.c ****   {
 412              		.loc 1 269 7 is_stmt 0 view .LVU127
 413 0020 FFF7FEFF 		bl	HAL_I2C_Init
 414              	.LVL10:
 269:Core/Src/main.c ****   {
 415              		.loc 1 269 6 view .LVU128
 416 0024 00B9     		cbnz	r0, .L18
 277:Core/Src/main.c **** 
 417              		.loc 1 277 1 view .LVU129
 418 0026 08BD     		pop	{r3, pc}
 419              	.L18:
 271:Core/Src/main.c ****   }
 420              		.loc 1 271 5 is_stmt 1 view .LVU130
 421 0028 FFF7FEFF 		bl	Error_Handler
 422              	.LVL11:
 423              	.L20:
 424              		.align	2
 425              	.L19:
 426 002c 00000000 		.word	.LANCHOR1
 427 0030 00540040 		.word	1073763328
 428 0034 A0860100 		.word	100000
 429              		.cfi_endproc
 430              	.LFE78:
 432              		.section	.text.MX_SPI3_Init,"ax",%progbits
 433              		.align	1
 434              		.syntax unified
 435              		.thumb
 436              		.thumb_func
 438              	MX_SPI3_Init:
 439              	.LFB79:
 285:Core/Src/main.c **** 
 440              		.loc 1 285 1 view -0
 441              		.cfi_startproc
 442              		@ args = 0, pretend = 0, frame = 0
 443              		@ frame_needed = 0, uses_anonymous_args = 0
 444 0000 08B5     		push	{r3, lr}
 445              	.LCFI8:
 446              		.cfi_def_cfa_offset 8
 447              		.cfi_offset 3, -8
 448              		.cfi_offset 14, -4
 295:Core/Src/main.c ****   hspi3.Init.Mode = SPI_MODE_MASTER;
 449              		.loc 1 295 3 view .LVU132
 295:Core/Src/main.c ****   hspi3.Init.Mode = SPI_MODE_MASTER;
 450              		.loc 1 295 18 is_stmt 0 view .LVU133
 451 0002 0D48     		ldr	r0, .L25
 452 0004 0D4B     		ldr	r3, .L25+4
 453 0006 0360     		str	r3, [r0]
 296:Core/Src/main.c ****   hspi3.Init.Direction = SPI_DIRECTION_2LINES;
 454              		.loc 1 296 3 is_stmt 1 view .LVU134
 296:Core/Src/main.c ****   hspi3.Init.Direction = SPI_DIRECTION_2LINES;
ARM GAS  C:\Users\nguye\AppData\Local\Temp\ccM1XY5U.s 			page 20


 455              		.loc 1 296 19 is_stmt 0 view .LVU135
 456 0008 4FF48273 		mov	r3, #260
 457 000c 4360     		str	r3, [r0, #4]
 297:Core/Src/main.c ****   hspi3.Init.DataSize = SPI_DATASIZE_8BIT;
 458              		.loc 1 297 3 is_stmt 1 view .LVU136
 297:Core/Src/main.c ****   hspi3.Init.DataSize = SPI_DATASIZE_8BIT;
 459              		.loc 1 297 24 is_stmt 0 view .LVU137
 460 000e 0023     		movs	r3, #0
 461 0010 8360     		str	r3, [r0, #8]
 298:Core/Src/main.c ****   hspi3.Init.CLKPolarity = SPI_POLARITY_LOW;
 462              		.loc 1 298 3 is_stmt 1 view .LVU138
 298:Core/Src/main.c ****   hspi3.Init.CLKPolarity = SPI_POLARITY_LOW;
 463              		.loc 1 298 23 is_stmt 0 view .LVU139
 464 0012 C360     		str	r3, [r0, #12]
 299:Core/Src/main.c ****   hspi3.Init.CLKPhase = SPI_PHASE_1EDGE;
 465              		.loc 1 299 3 is_stmt 1 view .LVU140
 299:Core/Src/main.c ****   hspi3.Init.CLKPhase = SPI_PHASE_1EDGE;
 466              		.loc 1 299 26 is_stmt 0 view .LVU141
 467 0014 0361     		str	r3, [r0, #16]
 300:Core/Src/main.c ****   hspi3.Init.NSS = SPI_NSS_SOFT;
 468              		.loc 1 300 3 is_stmt 1 view .LVU142
 300:Core/Src/main.c ****   hspi3.Init.NSS = SPI_NSS_SOFT;
 469              		.loc 1 300 23 is_stmt 0 view .LVU143
 470 0016 4361     		str	r3, [r0, #20]
 301:Core/Src/main.c ****   hspi3.Init.BaudRatePrescaler = SPI_BAUDRATEPRESCALER_32;
 471              		.loc 1 301 3 is_stmt 1 view .LVU144
 301:Core/Src/main.c ****   hspi3.Init.BaudRatePrescaler = SPI_BAUDRATEPRESCALER_32;
 472              		.loc 1 301 18 is_stmt 0 view .LVU145
 473 0018 4FF40072 		mov	r2, #512
 474 001c 8261     		str	r2, [r0, #24]
 302:Core/Src/main.c ****   hspi3.Init.FirstBit = SPI_FIRSTBIT_MSB;
 475              		.loc 1 302 3 is_stmt 1 view .LVU146
 302:Core/Src/main.c ****   hspi3.Init.FirstBit = SPI_FIRSTBIT_MSB;
 476              		.loc 1 302 32 is_stmt 0 view .LVU147
 477 001e 2022     		movs	r2, #32
 478 0020 C261     		str	r2, [r0, #28]
 303:Core/Src/main.c ****   hspi3.Init.TIMode = SPI_TIMODE_DISABLE;
 479              		.loc 1 303 3 is_stmt 1 view .LVU148
 303:Core/Src/main.c ****   hspi3.Init.TIMode = SPI_TIMODE_DISABLE;
 480              		.loc 1 303 23 is_stmt 0 view .LVU149
 481 0022 0362     		str	r3, [r0, #32]
 304:Core/Src/main.c ****   hspi3.Init.CRCCalculation = SPI_CRCCALCULATION_DISABLE;
 482              		.loc 1 304 3 is_stmt 1 view .LVU150
 304:Core/Src/main.c ****   hspi3.Init.CRCCalculation = SPI_CRCCALCULATION_DISABLE;
 483              		.loc 1 304 21 is_stmt 0 view .LVU151
 484 0024 4362     		str	r3, [r0, #36]
 305:Core/Src/main.c ****   hspi3.Init.CRCPolynomial = 10;
 485              		.loc 1 305 3 is_stmt 1 view .LVU152
 305:Core/Src/main.c ****   hspi3.Init.CRCPolynomial = 10;
 486              		.loc 1 305 29 is_stmt 0 view .LVU153
 487 0026 8362     		str	r3, [r0, #40]
 306:Core/Src/main.c ****   if (HAL_SPI_Init(&hspi3) != HAL_OK)
 488              		.loc 1 306 3 is_stmt 1 view .LVU154
 306:Core/Src/main.c ****   if (HAL_SPI_Init(&hspi3) != HAL_OK)
 489              		.loc 1 306 28 is_stmt 0 view .LVU155
 490 0028 0A23     		movs	r3, #10
 491 002a C362     		str	r3, [r0, #44]
ARM GAS  C:\Users\nguye\AppData\Local\Temp\ccM1XY5U.s 			page 21


 307:Core/Src/main.c ****   {
 492              		.loc 1 307 3 is_stmt 1 view .LVU156
 307:Core/Src/main.c ****   {
 493              		.loc 1 307 7 is_stmt 0 view .LVU157
 494 002c FFF7FEFF 		bl	HAL_SPI_Init
 495              	.LVL12:
 307:Core/Src/main.c ****   {
 496              		.loc 1 307 6 view .LVU158
 497 0030 00B9     		cbnz	r0, .L24
 315:Core/Src/main.c **** 
 498              		.loc 1 315 1 view .LVU159
 499 0032 08BD     		pop	{r3, pc}
 500              	.L24:
 309:Core/Src/main.c ****   }
 501              		.loc 1 309 5 is_stmt 1 view .LVU160
 502 0034 FFF7FEFF 		bl	Error_Handler
 503              	.LVL13:
 504              	.L26:
 505              		.align	2
 506              	.L25:
 507 0038 00000000 		.word	.LANCHOR2
 508 003c 003C0040 		.word	1073757184
 509              		.cfi_endproc
 510              	.LFE79:
 512              		.section	.text.MX_USART3_UART_Init,"ax",%progbits
 513              		.align	1
 514              		.syntax unified
 515              		.thumb
 516              		.thumb_func
 518              	MX_USART3_UART_Init:
 519              	.LFB80:
 323:Core/Src/main.c **** 
 520              		.loc 1 323 1 view -0
 521              		.cfi_startproc
 522              		@ args = 0, pretend = 0, frame = 0
 523              		@ frame_needed = 0, uses_anonymous_args = 0
 524 0000 08B5     		push	{r3, lr}
 525              	.LCFI9:
 526              		.cfi_def_cfa_offset 8
 527              		.cfi_offset 3, -8
 528              		.cfi_offset 14, -4
 332:Core/Src/main.c ****   huart3.Init.BaudRate = 115200;
 529              		.loc 1 332 3 view .LVU162
 332:Core/Src/main.c ****   huart3.Init.BaudRate = 115200;
 530              		.loc 1 332 19 is_stmt 0 view .LVU163
 531 0002 0A48     		ldr	r0, .L31
 532 0004 0A4B     		ldr	r3, .L31+4
 533 0006 0360     		str	r3, [r0]
 333:Core/Src/main.c ****   huart3.Init.WordLength = UART_WORDLENGTH_8B;
 534              		.loc 1 333 3 is_stmt 1 view .LVU164
 333:Core/Src/main.c ****   huart3.Init.WordLength = UART_WORDLENGTH_8B;
 535              		.loc 1 333 24 is_stmt 0 view .LVU165
 536 0008 4FF4E133 		mov	r3, #115200
 537 000c 4360     		str	r3, [r0, #4]
 334:Core/Src/main.c ****   huart3.Init.StopBits = UART_STOPBITS_1;
 538              		.loc 1 334 3 is_stmt 1 view .LVU166
 334:Core/Src/main.c ****   huart3.Init.StopBits = UART_STOPBITS_1;
ARM GAS  C:\Users\nguye\AppData\Local\Temp\ccM1XY5U.s 			page 22


 539              		.loc 1 334 26 is_stmt 0 view .LVU167
 540 000e 0023     		movs	r3, #0
 541 0010 8360     		str	r3, [r0, #8]
 335:Core/Src/main.c ****   huart3.Init.Parity = UART_PARITY_NONE;
 542              		.loc 1 335 3 is_stmt 1 view .LVU168
 335:Core/Src/main.c ****   huart3.Init.Parity = UART_PARITY_NONE;
 543              		.loc 1 335 24 is_stmt 0 view .LVU169
 544 0012 C360     		str	r3, [r0, #12]
 336:Core/Src/main.c ****   huart3.Init.Mode = UART_MODE_TX_RX;
 545              		.loc 1 336 3 is_stmt 1 view .LVU170
 336:Core/Src/main.c ****   huart3.Init.Mode = UART_MODE_TX_RX;
 546              		.loc 1 336 22 is_stmt 0 view .LVU171
 547 0014 0361     		str	r3, [r0, #16]
 337:Core/Src/main.c ****   huart3.Init.HwFlowCtl = UART_HWCONTROL_NONE;
 548              		.loc 1 337 3 is_stmt 1 view .LVU172
 337:Core/Src/main.c ****   huart3.Init.HwFlowCtl = UART_HWCONTROL_NONE;
 549              		.loc 1 337 20 is_stmt 0 view .LVU173
 550 0016 0C22     		movs	r2, #12
 551 0018 4261     		str	r2, [r0, #20]
 338:Core/Src/main.c ****   huart3.Init.OverSampling = UART_OVERSAMPLING_16;
 552              		.loc 1 338 3 is_stmt 1 view .LVU174
 338:Core/Src/main.c ****   huart3.Init.OverSampling = UART_OVERSAMPLING_16;
 553              		.loc 1 338 25 is_stmt 0 view .LVU175
 554 001a 8361     		str	r3, [r0, #24]
 339:Core/Src/main.c ****   if (HAL_UART_Init(&huart3) != HAL_OK)
 555              		.loc 1 339 3 is_stmt 1 view .LVU176
 339:Core/Src/main.c ****   if (HAL_UART_Init(&huart3) != HAL_OK)
 556              		.loc 1 339 28 is_stmt 0 view .LVU177
 557 001c C361     		str	r3, [r0, #28]
 340:Core/Src/main.c ****   {
 558              		.loc 1 340 3 is_stmt 1 view .LVU178
 340:Core/Src/main.c ****   {
 559              		.loc 1 340 7 is_stmt 0 view .LVU179
 560 001e FFF7FEFF 		bl	HAL_UART_Init
 561              	.LVL14:
 340:Core/Src/main.c ****   {
 562              		.loc 1 340 6 view .LVU180
 563 0022 00B9     		cbnz	r0, .L30
 348:Core/Src/main.c **** 
 564              		.loc 1 348 1 view .LVU181
 565 0024 08BD     		pop	{r3, pc}
 566              	.L30:
 342:Core/Src/main.c ****   }
 567              		.loc 1 342 5 is_stmt 1 view .LVU182
 568 0026 FFF7FEFF 		bl	Error_Handler
 569              	.LVL15:
 570              	.L32:
 571 002a 00BF     		.align	2
 572              	.L31:
 573 002c 00000000 		.word	.LANCHOR3
 574 0030 00480040 		.word	1073760256
 575              		.cfi_endproc
 576              	.LFE80:
 578              		.section	.text.SystemClock_Config,"ax",%progbits
 579              		.align	1
 580              		.global	SystemClock_Config
 581              		.syntax unified
ARM GAS  C:\Users\nguye\AppData\Local\Temp\ccM1XY5U.s 			page 23


 582              		.thumb
 583              		.thumb_func
 585              	SystemClock_Config:
 586              	.LFB76:
 161:Core/Src/main.c ****   RCC_OscInitTypeDef RCC_OscInitStruct = {0};
 587              		.loc 1 161 1 view -0
 588              		.cfi_startproc
 589              		@ args = 0, pretend = 0, frame = 72
 590              		@ frame_needed = 0, uses_anonymous_args = 0
 591 0000 00B5     		push	{lr}
 592              	.LCFI10:
 593              		.cfi_def_cfa_offset 4
 594              		.cfi_offset 14, -4
 595 0002 93B0     		sub	sp, sp, #76
 596              	.LCFI11:
 597              		.cfi_def_cfa_offset 80
 162:Core/Src/main.c ****   RCC_ClkInitTypeDef RCC_ClkInitStruct = {0};
 598              		.loc 1 162 3 view .LVU184
 162:Core/Src/main.c ****   RCC_ClkInitTypeDef RCC_ClkInitStruct = {0};
 599              		.loc 1 162 22 is_stmt 0 view .LVU185
 600 0004 3022     		movs	r2, #48
 601 0006 0021     		movs	r1, #0
 602 0008 06A8     		add	r0, sp, #24
 603 000a FFF7FEFF 		bl	memset
 604              	.LVL16:
 163:Core/Src/main.c **** 
 605              		.loc 1 163 3 is_stmt 1 view .LVU186
 163:Core/Src/main.c **** 
 606              		.loc 1 163 22 is_stmt 0 view .LVU187
 607 000e 0023     		movs	r3, #0
 608 0010 0193     		str	r3, [sp, #4]
 609 0012 0293     		str	r3, [sp, #8]
 610 0014 0393     		str	r3, [sp, #12]
 611 0016 0493     		str	r3, [sp, #16]
 612 0018 0593     		str	r3, [sp, #20]
 168:Core/Src/main.c ****   RCC_OscInitStruct.HSEState = RCC_HSE_ON;
 613              		.loc 1 168 3 is_stmt 1 view .LVU188
 168:Core/Src/main.c ****   RCC_OscInitStruct.HSEState = RCC_HSE_ON;
 614              		.loc 1 168 36 is_stmt 0 view .LVU189
 615 001a 0123     		movs	r3, #1
 616 001c 0693     		str	r3, [sp, #24]
 169:Core/Src/main.c ****   RCC_OscInitStruct.PLL.PLLState = RCC_PLL_ON;
 617              		.loc 1 169 3 is_stmt 1 view .LVU190
 169:Core/Src/main.c ****   RCC_OscInitStruct.PLL.PLLState = RCC_PLL_ON;
 618              		.loc 1 169 30 is_stmt 0 view .LVU191
 619 001e 0793     		str	r3, [sp, #28]
 170:Core/Src/main.c ****   RCC_OscInitStruct.PLL.PLLSource = RCC_PLLSOURCE_HSE;
 620              		.loc 1 170 3 is_stmt 1 view .LVU192
 170:Core/Src/main.c ****   RCC_OscInitStruct.PLL.PLLSource = RCC_PLLSOURCE_HSE;
 621              		.loc 1 170 34 is_stmt 0 view .LVU193
 622 0020 0223     		movs	r3, #2
 623 0022 0C93     		str	r3, [sp, #48]
 171:Core/Src/main.c ****   RCC_OscInitStruct.PLL.PLLM = 8;
 624              		.loc 1 171 3 is_stmt 1 view .LVU194
 171:Core/Src/main.c ****   RCC_OscInitStruct.PLL.PLLM = 8;
 625              		.loc 1 171 35 is_stmt 0 view .LVU195
 626 0024 4FF48002 		mov	r2, #4194304
ARM GAS  C:\Users\nguye\AppData\Local\Temp\ccM1XY5U.s 			page 24


 627 0028 0D92     		str	r2, [sp, #52]
 172:Core/Src/main.c ****   RCC_OscInitStruct.PLL.PLLN = 240;
 628              		.loc 1 172 3 is_stmt 1 view .LVU196
 172:Core/Src/main.c ****   RCC_OscInitStruct.PLL.PLLN = 240;
 629              		.loc 1 172 30 is_stmt 0 view .LVU197
 630 002a 0822     		movs	r2, #8
 631 002c 0E92     		str	r2, [sp, #56]
 173:Core/Src/main.c ****   RCC_OscInitStruct.PLL.PLLP = RCC_PLLP_DIV2;
 632              		.loc 1 173 3 is_stmt 1 view .LVU198
 173:Core/Src/main.c ****   RCC_OscInitStruct.PLL.PLLP = RCC_PLLP_DIV2;
 633              		.loc 1 173 30 is_stmt 0 view .LVU199
 634 002e F022     		movs	r2, #240
 635 0030 0F92     		str	r2, [sp, #60]
 174:Core/Src/main.c ****   RCC_OscInitStruct.PLL.PLLQ = 4;
 636              		.loc 1 174 3 is_stmt 1 view .LVU200
 174:Core/Src/main.c ****   RCC_OscInitStruct.PLL.PLLQ = 4;
 637              		.loc 1 174 30 is_stmt 0 view .LVU201
 638 0032 1093     		str	r3, [sp, #64]
 175:Core/Src/main.c ****   if (HAL_RCC_OscConfig(&RCC_OscInitStruct) != HAL_OK)
 639              		.loc 1 175 3 is_stmt 1 view .LVU202
 175:Core/Src/main.c ****   if (HAL_RCC_OscConfig(&RCC_OscInitStruct) != HAL_OK)
 640              		.loc 1 175 30 is_stmt 0 view .LVU203
 641 0034 0423     		movs	r3, #4
 642 0036 1193     		str	r3, [sp, #68]
 176:Core/Src/main.c ****   {
 643              		.loc 1 176 3 is_stmt 1 view .LVU204
 176:Core/Src/main.c ****   {
 644              		.loc 1 176 7 is_stmt 0 view .LVU205
 645 0038 06A8     		add	r0, sp, #24
 646 003a FFF7FEFF 		bl	HAL_RCC_OscConfig
 647              	.LVL17:
 176:Core/Src/main.c ****   {
 648              		.loc 1 176 6 view .LVU206
 649 003e 98B9     		cbnz	r0, .L37
 182:Core/Src/main.c ****                               |RCC_CLOCKTYPE_PCLK1|RCC_CLOCKTYPE_PCLK2;
 650              		.loc 1 182 3 is_stmt 1 view .LVU207
 182:Core/Src/main.c ****                               |RCC_CLOCKTYPE_PCLK1|RCC_CLOCKTYPE_PCLK2;
 651              		.loc 1 182 31 is_stmt 0 view .LVU208
 652 0040 0F23     		movs	r3, #15
 653 0042 0193     		str	r3, [sp, #4]
 184:Core/Src/main.c ****   RCC_ClkInitStruct.AHBCLKDivider = RCC_SYSCLK_DIV1;
 654              		.loc 1 184 3 is_stmt 1 view .LVU209
 184:Core/Src/main.c ****   RCC_ClkInitStruct.AHBCLKDivider = RCC_SYSCLK_DIV1;
 655              		.loc 1 184 34 is_stmt 0 view .LVU210
 656 0044 0223     		movs	r3, #2
 657 0046 0293     		str	r3, [sp, #8]
 185:Core/Src/main.c ****   RCC_ClkInitStruct.APB1CLKDivider = RCC_HCLK_DIV4;
 658              		.loc 1 185 3 is_stmt 1 view .LVU211
 185:Core/Src/main.c ****   RCC_ClkInitStruct.APB1CLKDivider = RCC_HCLK_DIV4;
 659              		.loc 1 185 35 is_stmt 0 view .LVU212
 660 0048 0023     		movs	r3, #0
 661 004a 0393     		str	r3, [sp, #12]
 186:Core/Src/main.c ****   RCC_ClkInitStruct.APB2CLKDivider = RCC_HCLK_DIV2;
 662              		.loc 1 186 3 is_stmt 1 view .LVU213
 186:Core/Src/main.c ****   RCC_ClkInitStruct.APB2CLKDivider = RCC_HCLK_DIV2;
 663              		.loc 1 186 36 is_stmt 0 view .LVU214
 664 004c 4FF4A053 		mov	r3, #5120
ARM GAS  C:\Users\nguye\AppData\Local\Temp\ccM1XY5U.s 			page 25


 665 0050 0493     		str	r3, [sp, #16]
 187:Core/Src/main.c **** 
 666              		.loc 1 187 3 is_stmt 1 view .LVU215
 187:Core/Src/main.c **** 
 667              		.loc 1 187 36 is_stmt 0 view .LVU216
 668 0052 4FF48053 		mov	r3, #4096
 669 0056 0593     		str	r3, [sp, #20]
 189:Core/Src/main.c ****   {
 670              		.loc 1 189 3 is_stmt 1 view .LVU217
 189:Core/Src/main.c ****   {
 671              		.loc 1 189 7 is_stmt 0 view .LVU218
 672 0058 0321     		movs	r1, #3
 673 005a 01A8     		add	r0, sp, #4
 674 005c FFF7FEFF 		bl	HAL_RCC_ClockConfig
 675              	.LVL18:
 189:Core/Src/main.c ****   {
 676              		.loc 1 189 6 view .LVU219
 677 0060 20B9     		cbnz	r0, .L38
 193:Core/Src/main.c **** 
 678              		.loc 1 193 1 view .LVU220
 679 0062 13B0     		add	sp, sp, #76
 680              	.LCFI12:
 681              		.cfi_remember_state
 682              		.cfi_def_cfa_offset 4
 683              		@ sp needed
 684 0064 5DF804FB 		ldr	pc, [sp], #4
 685              	.L37:
 686              	.LCFI13:
 687              		.cfi_restore_state
 178:Core/Src/main.c ****   }
 688              		.loc 1 178 5 is_stmt 1 view .LVU221
 689 0068 FFF7FEFF 		bl	Error_Handler
 690              	.LVL19:
 691              	.L38:
 191:Core/Src/main.c ****   }
 692              		.loc 1 191 5 view .LVU222
 693 006c FFF7FEFF 		bl	Error_Handler
 694              	.LVL20:
 695              		.cfi_endproc
 696              	.LFE76:
 698              		.section	.text.main,"ax",%progbits
 699              		.align	1
 700              		.global	main
 701              		.syntax unified
 702              		.thumb
 703              		.thumb_func
 705              	main:
 706              	.LFB75:
  85:Core/Src/main.c ****   /* USER CODE BEGIN 1 */
 707              		.loc 1 85 1 view -0
 708              		.cfi_startproc
 709              		@ Volatile: function does not return.
 710              		@ args = 0, pretend = 0, frame = 0
 711              		@ frame_needed = 0, uses_anonymous_args = 0
 712 0000 00B5     		push	{lr}
 713              	.LCFI14:
 714              		.cfi_def_cfa_offset 4
ARM GAS  C:\Users\nguye\AppData\Local\Temp\ccM1XY5U.s 			page 26


 715              		.cfi_offset 14, -4
 716 0002 97B0     		sub	sp, sp, #92
 717              	.LCFI15:
 718              		.cfi_def_cfa_offset 96
  93:Core/Src/main.c **** 
 719              		.loc 1 93 3 view .LVU224
 720 0004 FFF7FEFF 		bl	HAL_Init
 721              	.LVL21:
 100:Core/Src/main.c **** 
 722              		.loc 1 100 3 view .LVU225
 723 0008 FFF7FEFF 		bl	SystemClock_Config
 724              	.LVL22:
 107:Core/Src/main.c ****   MX_ADC1_Init();
 725              		.loc 1 107 3 view .LVU226
 726 000c FFF7FEFF 		bl	MX_GPIO_Init
 727              	.LVL23:
 108:Core/Src/main.c ****   MX_I2C1_Init();
 728              		.loc 1 108 3 view .LVU227
 729 0010 FFF7FEFF 		bl	MX_ADC1_Init
 730              	.LVL24:
 109:Core/Src/main.c ****   MX_SPI3_Init();
 731              		.loc 1 109 3 view .LVU228
 732 0014 FFF7FEFF 		bl	MX_I2C1_Init
 733              	.LVL25:
 110:Core/Src/main.c ****   MX_USART3_UART_Init();
 734              		.loc 1 110 3 view .LVU229
 735 0018 FFF7FEFF 		bl	MX_SPI3_Init
 736              	.LVL26:
 111:Core/Src/main.c ****   /* USER CODE BEGIN 2 */
 737              		.loc 1 111 3 view .LVU230
 738 001c FFF7FEFF 		bl	MX_USART3_UART_Init
 739              	.LVL27:
 117:Core/Src/main.c ****   nrf24_DebugUART_Init(huart3);
 740              		.loc 1 117 3 view .LVU231
 741 0020 274C     		ldr	r4, .L44
 742 0022 5422     		movs	r2, #84
 743 0024 211D     		adds	r1, r4, #4
 744 0026 6846     		mov	r0, sp
 745 0028 FFF7FEFF 		bl	memcpy
 746              	.LVL28:
 747 002c 2368     		ldr	r3, [r4]
 748 002e 4FF48072 		mov	r2, #256
 749 0032 4FF40071 		mov	r1, #512
 750 0036 2348     		ldr	r0, .L44+4
 751 0038 FFF7FEFF 		bl	NRF24_begin
 752              	.LVL29:
 118:Core/Src/main.c **** 
 753              		.loc 1 118 3 view .LVU232
 754 003c 224C     		ldr	r4, .L44+8
 755 003e EC46     		mov	ip, sp
 756 0040 04F1100E 		add	lr, r4, #16
 757 0044 BEE80F00 		ldmia	lr!, {r0, r1, r2, r3}
 758 0048 ACE80F00 		stmia	ip!, {r0, r1, r2, r3}
 759 004c BEE80F00 		ldmia	lr!, {r0, r1, r2, r3}
 760 0050 ACE80F00 		stmia	ip!, {r0, r1, r2, r3}
 761 0054 BEE80F00 		ldmia	lr!, {r0, r1, r2, r3}
 762 0058 ACE80F00 		stmia	ip!, {r0, r1, r2, r3}
ARM GAS  C:\Users\nguye\AppData\Local\Temp\ccM1XY5U.s 			page 27


 763 005c DEF80030 		ldr	r3, [lr]
 764 0060 CCF80030 		str	r3, [ip]
 765 0064 94E80F00 		ldm	r4, {r0, r1, r2, r3}
 766 0068 FFF7FEFF 		bl	nrf24_DebugUART_Init
 767              	.LVL30:
 121:Core/Src/main.c ****   NRF24_openWritingPipe(TxpipeAddrs);
 768              		.loc 1 121 3 view .LVU233
 769 006c FFF7FEFF 		bl	NRF24_stopListening
 770              	.LVL31:
 122:Core/Src/main.c ****   NRF24_setAutoAck(true);
 771              		.loc 1 122 3 view .LVU234
 772 0070 164B     		ldr	r3, .L44+12
 773 0072 D3E90001 		ldrd	r0, [r3]
 774 0076 FFF7FEFF 		bl	NRF24_openWritingPipe
 775              	.LVL32:
 123:Core/Src/main.c ****   NRF24_setChannel(52);
 776              		.loc 1 123 3 view .LVU235
 777 007a 0120     		movs	r0, #1
 778 007c FFF7FEFF 		bl	NRF24_setAutoAck
 779              	.LVL33:
 124:Core/Src/main.c ****   NRF24_setPayloadSize(32);
 780              		.loc 1 124 3 view .LVU236
 781 0080 3420     		movs	r0, #52
 782 0082 FFF7FEFF 		bl	NRF24_setChannel
 783              	.LVL34:
 125:Core/Src/main.c ****   NRF24_setDataRate(RF24_1MBPS);
 784              		.loc 1 125 3 view .LVU237
 785 0086 2020     		movs	r0, #32
 786 0088 FFF7FEFF 		bl	NRF24_setPayloadSize
 787              	.LVL35:
 126:Core/Src/main.c **** 
 788              		.loc 1 126 3 view .LVU238
 789 008c 0020     		movs	r0, #0
 790 008e FFF7FEFF 		bl	NRF24_setDataRate
 791              	.LVL36:
 128:Core/Src/main.c ****   NRF24_enableAckPayload();
 792              		.loc 1 128 3 view .LVU239
 793 0092 FFF7FEFF 		bl	NRF24_enableDynamicPayloads
 794              	.LVL37:
 129:Core/Src/main.c ****   printRadioSettings();
 795              		.loc 1 129 3 view .LVU240
 796 0096 FFF7FEFF 		bl	NRF24_enableAckPayload
 797              	.LVL38:
 130:Core/Src/main.c **** 
 798              		.loc 1 130 3 view .LVU241
 799 009a FFF7FEFF 		bl	printRadioSettings
 800              	.LVL39:
 801 009e 07E0     		b	.L41
 802              	.L43:
 144:Core/Src/main.c **** 			  // sprintf(myDataack, "AckPayload:  %s \r\n", AckPayLoad);
 803              		.loc 1 144 6 view .LVU242
 804 00a0 2021     		movs	r1, #32
 805 00a2 0B48     		ldr	r0, .L44+16
 806 00a4 FFF7FEFF 		bl	NRF24_read
 807              	.LVL40:
 808              	.L40:
 151:Core/Src/main.c ****   }
ARM GAS  C:\Users\nguye\AppData\Local\Temp\ccM1XY5U.s 			page 28


 809              		.loc 1 151 3 view .LVU243
 810 00a8 4FF47A70 		mov	r0, #1000
 811 00ac FFF7FEFF 		bl	HAL_Delay
 812              	.LVL41:
 137:Core/Src/main.c ****   {
 813              		.loc 1 137 9 view .LVU244
 814              	.L41:
 132:Core/Src/main.c ****   /* USER CODE END 2 */
 815              		.loc 1 132 3 view .LVU245
 137:Core/Src/main.c ****   {
 816              		.loc 1 137 3 view .LVU246
 142:Core/Src/main.c **** 		  {
 817              		.loc 1 142 5 view .LVU247
 142:Core/Src/main.c **** 		  {
 818              		.loc 1 142 8 is_stmt 0 view .LVU248
 819 00b0 2021     		movs	r1, #32
 820 00b2 0848     		ldr	r0, .L44+20
 821 00b4 FFF7FEFF 		bl	NRF24_write
 822              	.LVL42:
 142:Core/Src/main.c **** 		  {
 823              		.loc 1 142 7 view .LVU249
 824 00b8 0028     		cmp	r0, #0
 825 00ba F1D1     		bne	.L43
 826 00bc F4E7     		b	.L40
 827              	.L45:
 828 00be 00BF     		.align	2
 829              	.L44:
 830 00c0 00000000 		.word	.LANCHOR2
 831 00c4 00080240 		.word	1073874944
 832 00c8 00000000 		.word	.LANCHOR3
 833 00cc 00000000 		.word	.LANCHOR4
 834 00d0 00000000 		.word	.LANCHOR6
 835 00d4 00000000 		.word	.LANCHOR5
 836              		.cfi_endproc
 837              	.LFE75:
 839              		.global	AckPayLoad
 840              		.global	MyTxData
 841              		.global	TxpipeAddrs
 842              		.global	huart3
 843              		.global	hspi3
 844              		.global	hi2c1
 845              		.global	hadc1
 846              		.section	.bss.AckPayLoad,"aw",%nobits
 847              		.align	2
 848              		.set	.LANCHOR6,. + 0
 851              	AckPayLoad:
 852 0000 00000000 		.space	33
 852      00000000 
 852      00000000 
 852      00000000 
 852      00000000 
 853              		.section	.bss.hadc1,"aw",%nobits
 854              		.align	2
 855              		.set	.LANCHOR0,. + 0
 858              	hadc1:
 859 0000 00000000 		.space	72
 859      00000000 
ARM GAS  C:\Users\nguye\AppData\Local\Temp\ccM1XY5U.s 			page 29


 859      00000000 
 859      00000000 
 859      00000000 
 860              		.section	.bss.hi2c1,"aw",%nobits
 861              		.align	2
 862              		.set	.LANCHOR1,. + 0
 865              	hi2c1:
 866 0000 00000000 		.space	84
 866      00000000 
 866      00000000 
 866      00000000 
 866      00000000 
 867              		.section	.bss.hspi3,"aw",%nobits
 868              		.align	2
 869              		.set	.LANCHOR2,. + 0
 872              	hspi3:
 873 0000 00000000 		.space	88
 873      00000000 
 873      00000000 
 873      00000000 
 873      00000000 
 874              		.section	.bss.huart3,"aw",%nobits
 875              		.align	2
 876              		.set	.LANCHOR3,. + 0
 879              	huart3:
 880 0000 00000000 		.space	68
 880      00000000 
 880      00000000 
 880      00000000 
 880      00000000 
 881              		.section	.data.MyTxData,"aw"
 882              		.align	2
 883              		.set	.LANCHOR5,. + 0
 886              	MyTxData:
 887 0000 48656C6C 		.ascii	"Hello Anh Quoc\000"
 887      6F20416E 
 887      68205175 
 887      6F6300
 888 000f 00000000 		.space	17
 888      00000000 
 888      00000000 
 888      00000000 
 888      00
 889              		.section	.data.TxpipeAddrs,"aw"
 890              		.align	3
 891              		.set	.LANCHOR4,. + 0
 894              	TxpipeAddrs:
 895 0000 AA443322 		.word	573785258
 896 0004 11000000 		.word	17
 897              		.text
 898              	.Letext0:
 899              		.file 3 "e:\\download\\gnu\\tools\\gcc-arm-none-eabi-10.3-2021.10-win32\\gcc-arm-none-eabi-10.3-20
 900              		.file 4 "e:\\download\\gnu\\tools\\gcc-arm-none-eabi-10.3-2021.10-win32\\gcc-arm-none-eabi-10.3-20
 901              		.file 5 "Drivers/CMSIS/Device/ST/STM32F2xx/Include/stm32f205xx.h"
 902              		.file 6 "Drivers/CMSIS/Device/ST/STM32F2xx/Include/stm32f2xx.h"
 903              		.file 7 "Drivers/STM32F2xx_HAL_Driver/Inc/stm32f2xx_hal_def.h"
 904              		.file 8 "Drivers/STM32F2xx_HAL_Driver/Inc/stm32f2xx_hal_rcc.h"
ARM GAS  C:\Users\nguye\AppData\Local\Temp\ccM1XY5U.s 			page 30


 905              		.file 9 "Drivers/STM32F2xx_HAL_Driver/Inc/stm32f2xx_hal_gpio.h"
 906              		.file 10 "Drivers/STM32F2xx_HAL_Driver/Inc/stm32f2xx_hal_dma.h"
 907              		.file 11 "Drivers/STM32F2xx_HAL_Driver/Inc/stm32f2xx_hal_adc.h"
 908              		.file 12 "Drivers/STM32F2xx_HAL_Driver/Inc/stm32f2xx_hal_i2c.h"
 909              		.file 13 "Drivers/STM32F2xx_HAL_Driver/Inc/stm32f2xx_hal_spi.h"
 910              		.file 14 "Drivers/STM32F2xx_HAL_Driver/Inc/stm32f2xx_hal_uart.h"
 911              		.file 15 "Core/Inc/MY_NRF24.h"
 912              		.file 16 "Core/Inc/ssd1306.h"
 913              		.file 17 "Drivers/STM32F2xx_HAL_Driver/Inc/stm32f2xx_hal.h"
 914              		.file 18 "<built-in>"
ARM GAS  C:\Users\nguye\AppData\Local\Temp\ccM1XY5U.s 			page 31


DEFINED SYMBOLS
                            *ABS*:00000000 main.c
C:\Users\nguye\AppData\Local\Temp\ccM1XY5U.s:18     .text.MX_GPIO_Init:00000000 $t
C:\Users\nguye\AppData\Local\Temp\ccM1XY5U.s:23     .text.MX_GPIO_Init:00000000 MX_GPIO_Init
C:\Users\nguye\AppData\Local\Temp\ccM1XY5U.s:200    .text.MX_GPIO_Init:000000d4 $d
C:\Users\nguye\AppData\Local\Temp\ccM1XY5U.s:208    .text.Error_Handler:00000000 $t
C:\Users\nguye\AppData\Local\Temp\ccM1XY5U.s:214    .text.Error_Handler:00000000 Error_Handler
C:\Users\nguye\AppData\Local\Temp\ccM1XY5U.s:246    .text.MX_ADC1_Init:00000000 $t
C:\Users\nguye\AppData\Local\Temp\ccM1XY5U.s:251    .text.MX_ADC1_Init:00000000 MX_ADC1_Init
C:\Users\nguye\AppData\Local\Temp\ccM1XY5U.s:356    .text.MX_ADC1_Init:0000005c $d
C:\Users\nguye\AppData\Local\Temp\ccM1XY5U.s:363    .text.MX_I2C1_Init:00000000 $t
C:\Users\nguye\AppData\Local\Temp\ccM1XY5U.s:368    .text.MX_I2C1_Init:00000000 MX_I2C1_Init
C:\Users\nguye\AppData\Local\Temp\ccM1XY5U.s:426    .text.MX_I2C1_Init:0000002c $d
C:\Users\nguye\AppData\Local\Temp\ccM1XY5U.s:433    .text.MX_SPI3_Init:00000000 $t
C:\Users\nguye\AppData\Local\Temp\ccM1XY5U.s:438    .text.MX_SPI3_Init:00000000 MX_SPI3_Init
C:\Users\nguye\AppData\Local\Temp\ccM1XY5U.s:507    .text.MX_SPI3_Init:00000038 $d
C:\Users\nguye\AppData\Local\Temp\ccM1XY5U.s:513    .text.MX_USART3_UART_Init:00000000 $t
C:\Users\nguye\AppData\Local\Temp\ccM1XY5U.s:518    .text.MX_USART3_UART_Init:00000000 MX_USART3_UART_Init
C:\Users\nguye\AppData\Local\Temp\ccM1XY5U.s:573    .text.MX_USART3_UART_Init:0000002c $d
C:\Users\nguye\AppData\Local\Temp\ccM1XY5U.s:579    .text.SystemClock_Config:00000000 $t
C:\Users\nguye\AppData\Local\Temp\ccM1XY5U.s:585    .text.SystemClock_Config:00000000 SystemClock_Config
C:\Users\nguye\AppData\Local\Temp\ccM1XY5U.s:699    .text.main:00000000 $t
C:\Users\nguye\AppData\Local\Temp\ccM1XY5U.s:705    .text.main:00000000 main
C:\Users\nguye\AppData\Local\Temp\ccM1XY5U.s:830    .text.main:000000c0 $d
C:\Users\nguye\AppData\Local\Temp\ccM1XY5U.s:851    .bss.AckPayLoad:00000000 AckPayLoad
C:\Users\nguye\AppData\Local\Temp\ccM1XY5U.s:886    .data.MyTxData:00000000 MyTxData
C:\Users\nguye\AppData\Local\Temp\ccM1XY5U.s:894    .data.TxpipeAddrs:00000000 TxpipeAddrs
C:\Users\nguye\AppData\Local\Temp\ccM1XY5U.s:879    .bss.huart3:00000000 huart3
C:\Users\nguye\AppData\Local\Temp\ccM1XY5U.s:872    .bss.hspi3:00000000 hspi3
C:\Users\nguye\AppData\Local\Temp\ccM1XY5U.s:865    .bss.hi2c1:00000000 hi2c1
C:\Users\nguye\AppData\Local\Temp\ccM1XY5U.s:858    .bss.hadc1:00000000 hadc1
C:\Users\nguye\AppData\Local\Temp\ccM1XY5U.s:847    .bss.AckPayLoad:00000000 $d
C:\Users\nguye\AppData\Local\Temp\ccM1XY5U.s:854    .bss.hadc1:00000000 $d
C:\Users\nguye\AppData\Local\Temp\ccM1XY5U.s:861    .bss.hi2c1:00000000 $d
C:\Users\nguye\AppData\Local\Temp\ccM1XY5U.s:868    .bss.hspi3:00000000 $d
C:\Users\nguye\AppData\Local\Temp\ccM1XY5U.s:875    .bss.huart3:00000000 $d
C:\Users\nguye\AppData\Local\Temp\ccM1XY5U.s:882    .data.MyTxData:00000000 $d
C:\Users\nguye\AppData\Local\Temp\ccM1XY5U.s:890    .data.TxpipeAddrs:00000000 $d

UNDEFINED SYMBOLS
HAL_GPIO_WritePin
HAL_GPIO_Init
HAL_ADC_Init
HAL_ADC_ConfigChannel
HAL_I2C_Init
HAL_SPI_Init
HAL_UART_Init
memset
HAL_RCC_OscConfig
HAL_RCC_ClockConfig
HAL_Init
memcpy
NRF24_begin
nrf24_DebugUART_Init
NRF24_stopListening
NRF24_openWritingPipe
NRF24_setAutoAck
ARM GAS  C:\Users\nguye\AppData\Local\Temp\ccM1XY5U.s 			page 32


NRF24_setChannel
NRF24_setPayloadSize
NRF24_setDataRate
NRF24_enableDynamicPayloads
NRF24_enableAckPayload
printRadioSettings
NRF24_read
HAL_Delay
NRF24_write
