ARM GAS  C:\Users\sangt\AppData\Local\Temp\ccnqEbbA.s 			page 1


   1              		.cpu cortex-m3
   2              		.arch armv7-m
   3              		.fpu softvfp
   4              		.eabi_attribute 20, 1
   5              		.eabi_attribute 21, 1
   6              		.eabi_attribute 23, 3
   7              		.eabi_attribute 24, 1
   8              		.eabi_attribute 25, 1
   9              		.eabi_attribute 26, 1
  10              		.eabi_attribute 30, 1
  11              		.eabi_attribute 34, 1
  12              		.eabi_attribute 18, 4
  13              		.file	"stm32f2xx_it.c"
  14              		.text
  15              	.Ltext0:
  16              		.cfi_sections	.debug_frame
  17              		.section	.text.NMI_Handler,"ax",%progbits
  18              		.align	1
  19              		.global	NMI_Handler
  20              		.syntax unified
  21              		.thumb
  22              		.thumb_func
  24              	NMI_Handler:
  25              	.LFB75:
  26              		.file 1 "Core/Src/stm32f2xx_it.c"
   1:Core/Src/stm32f2xx_it.c **** /* USER CODE BEGIN Header */
   2:Core/Src/stm32f2xx_it.c **** /**
   3:Core/Src/stm32f2xx_it.c ****   ******************************************************************************
   4:Core/Src/stm32f2xx_it.c ****   * @file    stm32f2xx_it.c
   5:Core/Src/stm32f2xx_it.c ****   * @brief   Interrupt Service Routines.
   6:Core/Src/stm32f2xx_it.c ****   ******************************************************************************
   7:Core/Src/stm32f2xx_it.c ****   * @attention
   8:Core/Src/stm32f2xx_it.c ****   *
   9:Core/Src/stm32f2xx_it.c ****   * Copyright (c) 2022 STMicroelectronics.
  10:Core/Src/stm32f2xx_it.c ****   * All rights reserved.
  11:Core/Src/stm32f2xx_it.c ****   *
  12:Core/Src/stm32f2xx_it.c ****   * This software is licensed under terms that can be found in the LICENSE file
  13:Core/Src/stm32f2xx_it.c ****   * in the root directory of this software component.
  14:Core/Src/stm32f2xx_it.c ****   * If no LICENSE file comes with this software, it is provided AS-IS.
  15:Core/Src/stm32f2xx_it.c ****   *
  16:Core/Src/stm32f2xx_it.c ****   ******************************************************************************
  17:Core/Src/stm32f2xx_it.c ****   */
  18:Core/Src/stm32f2xx_it.c **** /* USER CODE END Header */
  19:Core/Src/stm32f2xx_it.c **** 
  20:Core/Src/stm32f2xx_it.c **** /* Includes ------------------------------------------------------------------*/
  21:Core/Src/stm32f2xx_it.c **** #include "main.h"
  22:Core/Src/stm32f2xx_it.c **** #include "stm32f2xx_it.h"
  23:Core/Src/stm32f2xx_it.c **** /* Private includes ----------------------------------------------------------*/
  24:Core/Src/stm32f2xx_it.c **** /* USER CODE BEGIN Includes */
  25:Core/Src/stm32f2xx_it.c **** #include <stdio.h>
  26:Core/Src/stm32f2xx_it.c **** 
  27:Core/Src/stm32f2xx_it.c **** /* USER CODE END Includes */
  28:Core/Src/stm32f2xx_it.c **** 
  29:Core/Src/stm32f2xx_it.c **** /* Private typedef -----------------------------------------------------------*/
  30:Core/Src/stm32f2xx_it.c **** /* USER CODE BEGIN TD */
  31:Core/Src/stm32f2xx_it.c **** 
  32:Core/Src/stm32f2xx_it.c **** /* USER CODE END TD */
ARM GAS  C:\Users\sangt\AppData\Local\Temp\ccnqEbbA.s 			page 2


  33:Core/Src/stm32f2xx_it.c **** 
  34:Core/Src/stm32f2xx_it.c **** /* Private define ------------------------------------------------------------*/
  35:Core/Src/stm32f2xx_it.c **** /* USER CODE BEGIN PD */
  36:Core/Src/stm32f2xx_it.c **** 
  37:Core/Src/stm32f2xx_it.c **** /* USER CODE END PD */
  38:Core/Src/stm32f2xx_it.c **** 
  39:Core/Src/stm32f2xx_it.c **** /* Private macro -------------------------------------------------------------*/
  40:Core/Src/stm32f2xx_it.c **** /* USER CODE BEGIN PM */
  41:Core/Src/stm32f2xx_it.c **** 
  42:Core/Src/stm32f2xx_it.c **** /* USER CODE END PM */
  43:Core/Src/stm32f2xx_it.c **** 
  44:Core/Src/stm32f2xx_it.c **** /* Private variables ---------------------------------------------------------*/
  45:Core/Src/stm32f2xx_it.c **** /* USER CODE BEGIN PV */
  46:Core/Src/stm32f2xx_it.c **** 
  47:Core/Src/stm32f2xx_it.c **** /* USER CODE END PV */
  48:Core/Src/stm32f2xx_it.c **** 
  49:Core/Src/stm32f2xx_it.c **** /* Private function prototypes -----------------------------------------------*/
  50:Core/Src/stm32f2xx_it.c **** /* USER CODE BEGIN PFP */
  51:Core/Src/stm32f2xx_it.c **** 
  52:Core/Src/stm32f2xx_it.c **** /* USER CODE END PFP */
  53:Core/Src/stm32f2xx_it.c **** 
  54:Core/Src/stm32f2xx_it.c **** /* Private user code ---------------------------------------------------------*/
  55:Core/Src/stm32f2xx_it.c **** /* USER CODE BEGIN 0 */
  56:Core/Src/stm32f2xx_it.c **** 
  57:Core/Src/stm32f2xx_it.c **** /* USER CODE END 0 */
  58:Core/Src/stm32f2xx_it.c **** 
  59:Core/Src/stm32f2xx_it.c **** /* External variables --------------------------------------------------------*/
  60:Core/Src/stm32f2xx_it.c **** 
  61:Core/Src/stm32f2xx_it.c **** /* USER CODE BEGIN EV */
  62:Core/Src/stm32f2xx_it.c **** 
  63:Core/Src/stm32f2xx_it.c **** /* USER CODE END EV */
  64:Core/Src/stm32f2xx_it.c **** 
  65:Core/Src/stm32f2xx_it.c **** /******************************************************************************/
  66:Core/Src/stm32f2xx_it.c **** /*           Cortex-M3 Processor Interruption and Exception Handlers          */
  67:Core/Src/stm32f2xx_it.c **** /******************************************************************************/
  68:Core/Src/stm32f2xx_it.c **** /**
  69:Core/Src/stm32f2xx_it.c ****   * @brief This function handles Non maskable interrupt.
  70:Core/Src/stm32f2xx_it.c ****   */
  71:Core/Src/stm32f2xx_it.c **** void NMI_Handler(void)
  72:Core/Src/stm32f2xx_it.c **** {
  27              		.loc 1 72 1 view -0
  28              		.cfi_startproc
  29              		@ Volatile: function does not return.
  30              		@ args = 0, pretend = 0, frame = 0
  31              		@ frame_needed = 0, uses_anonymous_args = 0
  32              		@ link register save eliminated.
  33              	.L2:
  73:Core/Src/stm32f2xx_it.c ****   /* USER CODE BEGIN NonMaskableInt_IRQn 0 */
  74:Core/Src/stm32f2xx_it.c **** 
  75:Core/Src/stm32f2xx_it.c ****   /* USER CODE END NonMaskableInt_IRQn 0 */
  76:Core/Src/stm32f2xx_it.c ****   /* USER CODE BEGIN NonMaskableInt_IRQn 1 */
  77:Core/Src/stm32f2xx_it.c ****   while (1)
  34              		.loc 1 77 3 discriminator 1 view .LVU1
  78:Core/Src/stm32f2xx_it.c ****   {
  79:Core/Src/stm32f2xx_it.c ****   }
  35              		.loc 1 79 3 discriminator 1 view .LVU2
  77:Core/Src/stm32f2xx_it.c ****   {
ARM GAS  C:\Users\sangt\AppData\Local\Temp\ccnqEbbA.s 			page 3


  36              		.loc 1 77 9 discriminator 1 view .LVU3
  37 0000 FEE7     		b	.L2
  38              		.cfi_endproc
  39              	.LFE75:
  41              		.section	.rodata.HardFault_Handler.str1.4,"aMS",%progbits,1
  42              		.align	2
  43              	.LC0:
  44 0000 48617264 		.ascii	"Hard fault!!!\015\000"
  44      20666175 
  44      6C742121 
  44      210D00
  45              		.section	.text.HardFault_Handler,"ax",%progbits
  46              		.align	1
  47              		.global	HardFault_Handler
  48              		.syntax unified
  49              		.thumb
  50              		.thumb_func
  52              	HardFault_Handler:
  53              	.LFB76:
  80:Core/Src/stm32f2xx_it.c ****   /* USER CODE END NonMaskableInt_IRQn 1 */
  81:Core/Src/stm32f2xx_it.c **** }
  82:Core/Src/stm32f2xx_it.c **** 
  83:Core/Src/stm32f2xx_it.c **** /**
  84:Core/Src/stm32f2xx_it.c ****   * @brief This function handles Hard fault interrupt.
  85:Core/Src/stm32f2xx_it.c ****   */
  86:Core/Src/stm32f2xx_it.c **** void HardFault_Handler(void)
  87:Core/Src/stm32f2xx_it.c **** {
  54              		.loc 1 87 1 view -0
  55              		.cfi_startproc
  56              		@ Volatile: function does not return.
  57              		@ args = 0, pretend = 0, frame = 0
  58              		@ frame_needed = 0, uses_anonymous_args = 0
  59 0000 08B5     		push	{r3, lr}
  60              	.LCFI0:
  61              		.cfi_def_cfa_offset 8
  62              		.cfi_offset 3, -8
  63              		.cfi_offset 14, -4
  88:Core/Src/stm32f2xx_it.c ****   /* USER CODE BEGIN HardFault_IRQn 0 */
  89:Core/Src/stm32f2xx_it.c ****   printf("Hard fault!!!\r\n");
  64              		.loc 1 89 3 view .LVU5
  65 0002 0248     		ldr	r0, .L6
  66 0004 FFF7FEFF 		bl	puts
  67              	.LVL0:
  68              	.L4:
  90:Core/Src/stm32f2xx_it.c ****   /* USER CODE END HardFault_IRQn 0 */
  91:Core/Src/stm32f2xx_it.c ****   while (1)
  69              		.loc 1 91 3 discriminator 1 view .LVU6
  92:Core/Src/stm32f2xx_it.c ****   {
  93:Core/Src/stm32f2xx_it.c ****     /* USER CODE BEGIN W1_HardFault_IRQn 0 */
  94:Core/Src/stm32f2xx_it.c ****     /* USER CODE END W1_HardFault_IRQn 0 */
  95:Core/Src/stm32f2xx_it.c ****   }
  70              		.loc 1 95 3 discriminator 1 view .LVU7
  91:Core/Src/stm32f2xx_it.c ****   {
  71              		.loc 1 91 9 discriminator 1 view .LVU8
  72 0008 FEE7     		b	.L4
  73              	.L7:
  74 000a 00BF     		.align	2
ARM GAS  C:\Users\sangt\AppData\Local\Temp\ccnqEbbA.s 			page 4


  75              	.L6:
  76 000c 00000000 		.word	.LC0
  77              		.cfi_endproc
  78              	.LFE76:
  80              		.section	.text.MemManage_Handler,"ax",%progbits
  81              		.align	1
  82              		.global	MemManage_Handler
  83              		.syntax unified
  84              		.thumb
  85              		.thumb_func
  87              	MemManage_Handler:
  88              	.LFB77:
  96:Core/Src/stm32f2xx_it.c **** }
  97:Core/Src/stm32f2xx_it.c **** 
  98:Core/Src/stm32f2xx_it.c **** /**
  99:Core/Src/stm32f2xx_it.c ****   * @brief This function handles Memory management fault.
 100:Core/Src/stm32f2xx_it.c ****   */
 101:Core/Src/stm32f2xx_it.c **** void MemManage_Handler(void)
 102:Core/Src/stm32f2xx_it.c **** {
  89              		.loc 1 102 1 view -0
  90              		.cfi_startproc
  91              		@ Volatile: function does not return.
  92              		@ args = 0, pretend = 0, frame = 0
  93              		@ frame_needed = 0, uses_anonymous_args = 0
  94              		@ link register save eliminated.
  95              	.L9:
 103:Core/Src/stm32f2xx_it.c ****   /* USER CODE BEGIN MemoryManagement_IRQn 0 */
 104:Core/Src/stm32f2xx_it.c **** 
 105:Core/Src/stm32f2xx_it.c ****   /* USER CODE END MemoryManagement_IRQn 0 */
 106:Core/Src/stm32f2xx_it.c ****   while (1)
  96              		.loc 1 106 3 discriminator 1 view .LVU10
 107:Core/Src/stm32f2xx_it.c ****   {
 108:Core/Src/stm32f2xx_it.c ****     /* USER CODE BEGIN W1_MemoryManagement_IRQn 0 */
 109:Core/Src/stm32f2xx_it.c ****     /* USER CODE END W1_MemoryManagement_IRQn 0 */
 110:Core/Src/stm32f2xx_it.c ****   }
  97              		.loc 1 110 3 discriminator 1 view .LVU11
 106:Core/Src/stm32f2xx_it.c ****   {
  98              		.loc 1 106 9 discriminator 1 view .LVU12
  99 0000 FEE7     		b	.L9
 100              		.cfi_endproc
 101              	.LFE77:
 103              		.section	.text.BusFault_Handler,"ax",%progbits
 104              		.align	1
 105              		.global	BusFault_Handler
 106              		.syntax unified
 107              		.thumb
 108              		.thumb_func
 110              	BusFault_Handler:
 111              	.LFB78:
 111:Core/Src/stm32f2xx_it.c **** }
 112:Core/Src/stm32f2xx_it.c **** 
 113:Core/Src/stm32f2xx_it.c **** /**
 114:Core/Src/stm32f2xx_it.c ****   * @brief This function handles Pre-fetch fault, memory access fault.
 115:Core/Src/stm32f2xx_it.c ****   */
 116:Core/Src/stm32f2xx_it.c **** void BusFault_Handler(void)
 117:Core/Src/stm32f2xx_it.c **** {
 112              		.loc 1 117 1 view -0
ARM GAS  C:\Users\sangt\AppData\Local\Temp\ccnqEbbA.s 			page 5


 113              		.cfi_startproc
 114              		@ Volatile: function does not return.
 115              		@ args = 0, pretend = 0, frame = 0
 116              		@ frame_needed = 0, uses_anonymous_args = 0
 117              		@ link register save eliminated.
 118              	.L11:
 118:Core/Src/stm32f2xx_it.c ****   /* USER CODE BEGIN BusFault_IRQn 0 */
 119:Core/Src/stm32f2xx_it.c **** 
 120:Core/Src/stm32f2xx_it.c ****   /* USER CODE END BusFault_IRQn 0 */
 121:Core/Src/stm32f2xx_it.c ****   while (1)
 119              		.loc 1 121 3 discriminator 1 view .LVU14
 122:Core/Src/stm32f2xx_it.c ****   {
 123:Core/Src/stm32f2xx_it.c ****     /* USER CODE BEGIN W1_BusFault_IRQn 0 */
 124:Core/Src/stm32f2xx_it.c ****     /* USER CODE END W1_BusFault_IRQn 0 */
 125:Core/Src/stm32f2xx_it.c ****   }
 120              		.loc 1 125 3 discriminator 1 view .LVU15
 121:Core/Src/stm32f2xx_it.c ****   {
 121              		.loc 1 121 9 discriminator 1 view .LVU16
 122 0000 FEE7     		b	.L11
 123              		.cfi_endproc
 124              	.LFE78:
 126              		.section	.text.UsageFault_Handler,"ax",%progbits
 127              		.align	1
 128              		.global	UsageFault_Handler
 129              		.syntax unified
 130              		.thumb
 131              		.thumb_func
 133              	UsageFault_Handler:
 134              	.LFB79:
 126:Core/Src/stm32f2xx_it.c **** }
 127:Core/Src/stm32f2xx_it.c **** 
 128:Core/Src/stm32f2xx_it.c **** /**
 129:Core/Src/stm32f2xx_it.c ****   * @brief This function handles Undefined instruction or illegal state.
 130:Core/Src/stm32f2xx_it.c ****   */
 131:Core/Src/stm32f2xx_it.c **** void UsageFault_Handler(void)
 132:Core/Src/stm32f2xx_it.c **** {
 135              		.loc 1 132 1 view -0
 136              		.cfi_startproc
 137              		@ Volatile: function does not return.
 138              		@ args = 0, pretend = 0, frame = 0
 139              		@ frame_needed = 0, uses_anonymous_args = 0
 140              		@ link register save eliminated.
 141              	.L13:
 133:Core/Src/stm32f2xx_it.c ****   /* USER CODE BEGIN UsageFault_IRQn 0 */
 134:Core/Src/stm32f2xx_it.c **** 
 135:Core/Src/stm32f2xx_it.c ****   /* USER CODE END UsageFault_IRQn 0 */
 136:Core/Src/stm32f2xx_it.c ****   while (1)
 142              		.loc 1 136 3 discriminator 1 view .LVU18
 137:Core/Src/stm32f2xx_it.c ****   {
 138:Core/Src/stm32f2xx_it.c ****     /* USER CODE BEGIN W1_UsageFault_IRQn 0 */
 139:Core/Src/stm32f2xx_it.c ****     /* USER CODE END W1_UsageFault_IRQn 0 */
 140:Core/Src/stm32f2xx_it.c ****   }
 143              		.loc 1 140 3 discriminator 1 view .LVU19
 136:Core/Src/stm32f2xx_it.c ****   {
 144              		.loc 1 136 9 discriminator 1 view .LVU20
 145 0000 FEE7     		b	.L13
 146              		.cfi_endproc
ARM GAS  C:\Users\sangt\AppData\Local\Temp\ccnqEbbA.s 			page 6


 147              	.LFE79:
 149              		.section	.text.SVC_Handler,"ax",%progbits
 150              		.align	1
 151              		.global	SVC_Handler
 152              		.syntax unified
 153              		.thumb
 154              		.thumb_func
 156              	SVC_Handler:
 157              	.LFB80:
 141:Core/Src/stm32f2xx_it.c **** }
 142:Core/Src/stm32f2xx_it.c **** 
 143:Core/Src/stm32f2xx_it.c **** /**
 144:Core/Src/stm32f2xx_it.c ****   * @brief This function handles System service call via SWI instruction.
 145:Core/Src/stm32f2xx_it.c ****   */
 146:Core/Src/stm32f2xx_it.c **** void SVC_Handler(void)
 147:Core/Src/stm32f2xx_it.c **** {
 158              		.loc 1 147 1 view -0
 159              		.cfi_startproc
 160              		@ args = 0, pretend = 0, frame = 0
 161              		@ frame_needed = 0, uses_anonymous_args = 0
 162              		@ link register save eliminated.
 148:Core/Src/stm32f2xx_it.c ****   /* USER CODE BEGIN SVCall_IRQn 0 */
 149:Core/Src/stm32f2xx_it.c **** 
 150:Core/Src/stm32f2xx_it.c ****   /* USER CODE END SVCall_IRQn 0 */
 151:Core/Src/stm32f2xx_it.c ****   /* USER CODE BEGIN SVCall_IRQn 1 */
 152:Core/Src/stm32f2xx_it.c **** 
 153:Core/Src/stm32f2xx_it.c ****   /* USER CODE END SVCall_IRQn 1 */
 154:Core/Src/stm32f2xx_it.c **** }
 163              		.loc 1 154 1 view .LVU22
 164 0000 7047     		bx	lr
 165              		.cfi_endproc
 166              	.LFE80:
 168              		.section	.text.DebugMon_Handler,"ax",%progbits
 169              		.align	1
 170              		.global	DebugMon_Handler
 171              		.syntax unified
 172              		.thumb
 173              		.thumb_func
 175              	DebugMon_Handler:
 176              	.LFB81:
 155:Core/Src/stm32f2xx_it.c **** 
 156:Core/Src/stm32f2xx_it.c **** /**
 157:Core/Src/stm32f2xx_it.c ****   * @brief This function handles Debug monitor.
 158:Core/Src/stm32f2xx_it.c ****   */
 159:Core/Src/stm32f2xx_it.c **** void DebugMon_Handler(void)
 160:Core/Src/stm32f2xx_it.c **** {
 177              		.loc 1 160 1 view -0
 178              		.cfi_startproc
 179              		@ args = 0, pretend = 0, frame = 0
 180              		@ frame_needed = 0, uses_anonymous_args = 0
 181              		@ link register save eliminated.
 161:Core/Src/stm32f2xx_it.c ****   /* USER CODE BEGIN DebugMonitor_IRQn 0 */
 162:Core/Src/stm32f2xx_it.c **** 
 163:Core/Src/stm32f2xx_it.c ****   /* USER CODE END DebugMonitor_IRQn 0 */
 164:Core/Src/stm32f2xx_it.c ****   /* USER CODE BEGIN DebugMonitor_IRQn 1 */
 165:Core/Src/stm32f2xx_it.c **** 
 166:Core/Src/stm32f2xx_it.c ****   /* USER CODE END DebugMonitor_IRQn 1 */
ARM GAS  C:\Users\sangt\AppData\Local\Temp\ccnqEbbA.s 			page 7


 167:Core/Src/stm32f2xx_it.c **** }
 182              		.loc 1 167 1 view .LVU24
 183 0000 7047     		bx	lr
 184              		.cfi_endproc
 185              	.LFE81:
 187              		.section	.text.PendSV_Handler,"ax",%progbits
 188              		.align	1
 189              		.global	PendSV_Handler
 190              		.syntax unified
 191              		.thumb
 192              		.thumb_func
 194              	PendSV_Handler:
 195              	.LFB82:
 168:Core/Src/stm32f2xx_it.c **** 
 169:Core/Src/stm32f2xx_it.c **** /**
 170:Core/Src/stm32f2xx_it.c ****   * @brief This function handles Pendable request for system service.
 171:Core/Src/stm32f2xx_it.c ****   */
 172:Core/Src/stm32f2xx_it.c **** void PendSV_Handler(void)
 173:Core/Src/stm32f2xx_it.c **** {
 196              		.loc 1 173 1 view -0
 197              		.cfi_startproc
 198              		@ args = 0, pretend = 0, frame = 0
 199              		@ frame_needed = 0, uses_anonymous_args = 0
 200              		@ link register save eliminated.
 174:Core/Src/stm32f2xx_it.c ****   /* USER CODE BEGIN PendSV_IRQn 0 */
 175:Core/Src/stm32f2xx_it.c **** 
 176:Core/Src/stm32f2xx_it.c ****   /* USER CODE END PendSV_IRQn 0 */
 177:Core/Src/stm32f2xx_it.c ****   /* USER CODE BEGIN PendSV_IRQn 1 */
 178:Core/Src/stm32f2xx_it.c **** 
 179:Core/Src/stm32f2xx_it.c ****   /* USER CODE END PendSV_IRQn 1 */
 180:Core/Src/stm32f2xx_it.c **** }
 201              		.loc 1 180 1 view .LVU26
 202 0000 7047     		bx	lr
 203              		.cfi_endproc
 204              	.LFE82:
 206              		.section	.text.SysTick_Handler,"ax",%progbits
 207              		.align	1
 208              		.global	SysTick_Handler
 209              		.syntax unified
 210              		.thumb
 211              		.thumb_func
 213              	SysTick_Handler:
 214              	.LFB83:
 181:Core/Src/stm32f2xx_it.c **** 
 182:Core/Src/stm32f2xx_it.c **** /**
 183:Core/Src/stm32f2xx_it.c ****   * @brief This function handles System tick timer.
 184:Core/Src/stm32f2xx_it.c ****   */
 185:Core/Src/stm32f2xx_it.c **** void SysTick_Handler(void)
 186:Core/Src/stm32f2xx_it.c **** {
 215              		.loc 1 186 1 view -0
 216              		.cfi_startproc
 217              		@ args = 0, pretend = 0, frame = 0
 218              		@ frame_needed = 0, uses_anonymous_args = 0
 219 0000 08B5     		push	{r3, lr}
 220              	.LCFI1:
 221              		.cfi_def_cfa_offset 8
 222              		.cfi_offset 3, -8
ARM GAS  C:\Users\sangt\AppData\Local\Temp\ccnqEbbA.s 			page 8


 223              		.cfi_offset 14, -4
 187:Core/Src/stm32f2xx_it.c ****   /* USER CODE BEGIN SysTick_IRQn 0 */
 188:Core/Src/stm32f2xx_it.c **** 
 189:Core/Src/stm32f2xx_it.c ****   /* USER CODE END SysTick_IRQn 0 */
 190:Core/Src/stm32f2xx_it.c ****   HAL_IncTick();
 224              		.loc 1 190 3 view .LVU28
 225 0002 FFF7FEFF 		bl	HAL_IncTick
 226              	.LVL1:
 191:Core/Src/stm32f2xx_it.c ****   /* USER CODE BEGIN SysTick_IRQn 1 */
 192:Core/Src/stm32f2xx_it.c **** 
 193:Core/Src/stm32f2xx_it.c ****   /* USER CODE END SysTick_IRQn 1 */
 194:Core/Src/stm32f2xx_it.c **** }
 227              		.loc 1 194 1 is_stmt 0 view .LVU29
 228 0006 08BD     		pop	{r3, pc}
 229              		.cfi_endproc
 230              	.LFE83:
 232              		.text
 233              	.Letext0:
 234              		.file 2 "Drivers/STM32F2xx_HAL_Driver/Inc/stm32f2xx_hal.h"
 235              		.file 3 "<built-in>"
ARM GAS  C:\Users\sangt\AppData\Local\Temp\ccnqEbbA.s 			page 9


DEFINED SYMBOLS
                            *ABS*:00000000 stm32f2xx_it.c
C:\Users\sangt\AppData\Local\Temp\ccnqEbbA.s:18     .text.NMI_Handler:00000000 $t
C:\Users\sangt\AppData\Local\Temp\ccnqEbbA.s:24     .text.NMI_Handler:00000000 NMI_Handler
C:\Users\sangt\AppData\Local\Temp\ccnqEbbA.s:42     .rodata.HardFault_Handler.str1.4:00000000 $d
C:\Users\sangt\AppData\Local\Temp\ccnqEbbA.s:46     .text.HardFault_Handler:00000000 $t
C:\Users\sangt\AppData\Local\Temp\ccnqEbbA.s:52     .text.HardFault_Handler:00000000 HardFault_Handler
C:\Users\sangt\AppData\Local\Temp\ccnqEbbA.s:76     .text.HardFault_Handler:0000000c $d
C:\Users\sangt\AppData\Local\Temp\ccnqEbbA.s:81     .text.MemManage_Handler:00000000 $t
C:\Users\sangt\AppData\Local\Temp\ccnqEbbA.s:87     .text.MemManage_Handler:00000000 MemManage_Handler
C:\Users\sangt\AppData\Local\Temp\ccnqEbbA.s:104    .text.BusFault_Handler:00000000 $t
C:\Users\sangt\AppData\Local\Temp\ccnqEbbA.s:110    .text.BusFault_Handler:00000000 BusFault_Handler
C:\Users\sangt\AppData\Local\Temp\ccnqEbbA.s:127    .text.UsageFault_Handler:00000000 $t
C:\Users\sangt\AppData\Local\Temp\ccnqEbbA.s:133    .text.UsageFault_Handler:00000000 UsageFault_Handler
C:\Users\sangt\AppData\Local\Temp\ccnqEbbA.s:150    .text.SVC_Handler:00000000 $t
C:\Users\sangt\AppData\Local\Temp\ccnqEbbA.s:156    .text.SVC_Handler:00000000 SVC_Handler
C:\Users\sangt\AppData\Local\Temp\ccnqEbbA.s:169    .text.DebugMon_Handler:00000000 $t
C:\Users\sangt\AppData\Local\Temp\ccnqEbbA.s:175    .text.DebugMon_Handler:00000000 DebugMon_Handler
C:\Users\sangt\AppData\Local\Temp\ccnqEbbA.s:188    .text.PendSV_Handler:00000000 $t
C:\Users\sangt\AppData\Local\Temp\ccnqEbbA.s:194    .text.PendSV_Handler:00000000 PendSV_Handler
C:\Users\sangt\AppData\Local\Temp\ccnqEbbA.s:207    .text.SysTick_Handler:00000000 $t
C:\Users\sangt\AppData\Local\Temp\ccnqEbbA.s:213    .text.SysTick_Handler:00000000 SysTick_Handler

UNDEFINED SYMBOLS
puts
HAL_IncTick
