ARM GAS  C:\Users\sangt\AppData\Local\Temp\cc5jiCUa.s 			page 1


   1              		.cpu cortex-m3
   2              		.arch armv7-m
   3              		.fpu softvfp
   4              		.eabi_attribute 20, 1
   5              		.eabi_attribute 21, 1
   6              		.eabi_attribute 23, 3
   7              		.eabi_attribute 24, 1
   8              		.eabi_attribute 25, 1
   9              		.eabi_attribute 26, 1
  10              		.eabi_attribute 30, 1
  11              		.eabi_attribute 34, 1
  12              		.eabi_attribute 18, 4
  13              		.file	"stm32f2xx_hal_timebase_tim.c"
  14              		.text
  15              	.Ltext0:
  16              		.cfi_sections	.debug_frame
  17              		.section	.text.HAL_InitTick,"ax",%progbits
  18              		.align	1
  19              		.global	HAL_InitTick
  20              		.syntax unified
  21              		.thumb
  22              		.thumb_func
  24              	HAL_InitTick:
  25              	.LVL0:
  26              	.LFB72:
  27              		.file 1 "Core/Src/stm32f2xx_hal_timebase_tim.c"
   1:Core/Src/stm32f2xx_hal_timebase_tim.c **** /* USER CODE BEGIN Header */
   2:Core/Src/stm32f2xx_hal_timebase_tim.c **** /**
   3:Core/Src/stm32f2xx_hal_timebase_tim.c ****   ******************************************************************************
   4:Core/Src/stm32f2xx_hal_timebase_tim.c ****   * @file    stm32f2xx_hal_timebase_TIM.c
   5:Core/Src/stm32f2xx_hal_timebase_tim.c ****   * @brief   HAL time base based on the hardware TIM.
   6:Core/Src/stm32f2xx_hal_timebase_tim.c ****   ******************************************************************************
   7:Core/Src/stm32f2xx_hal_timebase_tim.c ****   * @attention
   8:Core/Src/stm32f2xx_hal_timebase_tim.c ****   *
   9:Core/Src/stm32f2xx_hal_timebase_tim.c ****   * Copyright (c) 2022 STMicroelectronics.
  10:Core/Src/stm32f2xx_hal_timebase_tim.c ****   * All rights reserved.
  11:Core/Src/stm32f2xx_hal_timebase_tim.c ****   *
  12:Core/Src/stm32f2xx_hal_timebase_tim.c ****   * This software is licensed under terms that can be found in the LICENSE file
  13:Core/Src/stm32f2xx_hal_timebase_tim.c ****   * in the root directory of this software component.
  14:Core/Src/stm32f2xx_hal_timebase_tim.c ****   * If no LICENSE file comes with this software, it is provided AS-IS.
  15:Core/Src/stm32f2xx_hal_timebase_tim.c ****   *
  16:Core/Src/stm32f2xx_hal_timebase_tim.c ****   ******************************************************************************
  17:Core/Src/stm32f2xx_hal_timebase_tim.c ****   */
  18:Core/Src/stm32f2xx_hal_timebase_tim.c **** /* USER CODE END Header */
  19:Core/Src/stm32f2xx_hal_timebase_tim.c **** 
  20:Core/Src/stm32f2xx_hal_timebase_tim.c **** /* Includes ------------------------------------------------------------------*/
  21:Core/Src/stm32f2xx_hal_timebase_tim.c **** #include "stm32f2xx_hal.h"
  22:Core/Src/stm32f2xx_hal_timebase_tim.c **** #include "stm32f2xx_hal_tim.h"
  23:Core/Src/stm32f2xx_hal_timebase_tim.c **** 
  24:Core/Src/stm32f2xx_hal_timebase_tim.c **** /* Private typedef -----------------------------------------------------------*/
  25:Core/Src/stm32f2xx_hal_timebase_tim.c **** /* Private define ------------------------------------------------------------*/
  26:Core/Src/stm32f2xx_hal_timebase_tim.c **** /* Private macro -------------------------------------------------------------*/
  27:Core/Src/stm32f2xx_hal_timebase_tim.c **** /* Private variables ---------------------------------------------------------*/
  28:Core/Src/stm32f2xx_hal_timebase_tim.c **** TIM_HandleTypeDef        htim5;
  29:Core/Src/stm32f2xx_hal_timebase_tim.c **** /* Private function prototypes -----------------------------------------------*/
  30:Core/Src/stm32f2xx_hal_timebase_tim.c **** /* Private functions ---------------------------------------------------------*/
  31:Core/Src/stm32f2xx_hal_timebase_tim.c **** 
ARM GAS  C:\Users\sangt\AppData\Local\Temp\cc5jiCUa.s 			page 2


  32:Core/Src/stm32f2xx_hal_timebase_tim.c **** /**
  33:Core/Src/stm32f2xx_hal_timebase_tim.c ****   * @brief  This function configures the TIM5 as a time base source.
  34:Core/Src/stm32f2xx_hal_timebase_tim.c ****   *         The time source is configured  to have 1ms time base with a dedicated
  35:Core/Src/stm32f2xx_hal_timebase_tim.c ****   *         Tick interrupt priority.
  36:Core/Src/stm32f2xx_hal_timebase_tim.c ****   * @note   This function is called  automatically at the beginning of program after
  37:Core/Src/stm32f2xx_hal_timebase_tim.c ****   *         reset by HAL_Init() or at any time when clock is configured, by HAL_RCC_ClockConfig().
  38:Core/Src/stm32f2xx_hal_timebase_tim.c ****   * @param  TickPriority: Tick interrupt priority.
  39:Core/Src/stm32f2xx_hal_timebase_tim.c ****   * @retval HAL status
  40:Core/Src/stm32f2xx_hal_timebase_tim.c ****   */
  41:Core/Src/stm32f2xx_hal_timebase_tim.c **** HAL_StatusTypeDef HAL_InitTick(uint32_t TickPriority)
  42:Core/Src/stm32f2xx_hal_timebase_tim.c **** {
  28              		.loc 1 42 1 view -0
  29              		.cfi_startproc
  30              		@ args = 0, pretend = 0, frame = 32
  31              		@ frame_needed = 0, uses_anonymous_args = 0
  32              		.loc 1 42 1 is_stmt 0 view .LVU1
  33 0000 10B5     		push	{r4, lr}
  34              	.LCFI0:
  35              		.cfi_def_cfa_offset 8
  36              		.cfi_offset 4, -8
  37              		.cfi_offset 14, -4
  38 0002 88B0     		sub	sp, sp, #32
  39              	.LCFI1:
  40              		.cfi_def_cfa_offset 40
  41 0004 0146     		mov	r1, r0
  43:Core/Src/stm32f2xx_hal_timebase_tim.c ****   RCC_ClkInitTypeDef    clkconfig;
  42              		.loc 1 43 3 is_stmt 1 view .LVU2
  44:Core/Src/stm32f2xx_hal_timebase_tim.c ****   uint32_t              uwTimclock = 0;
  43              		.loc 1 44 3 view .LVU3
  44              	.LVL1:
  45:Core/Src/stm32f2xx_hal_timebase_tim.c ****   uint32_t              uwPrescalerValue = 0;
  45              		.loc 1 45 3 view .LVU4
  46:Core/Src/stm32f2xx_hal_timebase_tim.c ****   uint32_t              pFLatency;
  46              		.loc 1 46 3 view .LVU5
  47:Core/Src/stm32f2xx_hal_timebase_tim.c ****   /*Configure the TIM5 IRQ priority */
  48:Core/Src/stm32f2xx_hal_timebase_tim.c ****   HAL_NVIC_SetPriority(TIM5_IRQn, TickPriority ,0);
  47              		.loc 1 48 3 view .LVU6
  48 0006 0022     		movs	r2, #0
  49 0008 3220     		movs	r0, #50
  50              	.LVL2:
  51              		.loc 1 48 3 is_stmt 0 view .LVU7
  52 000a FFF7FEFF 		bl	HAL_NVIC_SetPriority
  53              	.LVL3:
  49:Core/Src/stm32f2xx_hal_timebase_tim.c **** 
  50:Core/Src/stm32f2xx_hal_timebase_tim.c ****   /* Enable the TIM5 global Interrupt */
  51:Core/Src/stm32f2xx_hal_timebase_tim.c ****   HAL_NVIC_EnableIRQ(TIM5_IRQn);
  54              		.loc 1 51 3 is_stmt 1 view .LVU8
  55 000e 3220     		movs	r0, #50
  56 0010 FFF7FEFF 		bl	HAL_NVIC_EnableIRQ
  57              	.LVL4:
  52:Core/Src/stm32f2xx_hal_timebase_tim.c **** 
  53:Core/Src/stm32f2xx_hal_timebase_tim.c ****   /* Enable TIM5 clock */
  54:Core/Src/stm32f2xx_hal_timebase_tim.c ****   __HAL_RCC_TIM5_CLK_ENABLE();
  58              		.loc 1 54 3 view .LVU9
  59              	.LBB2:
  60              		.loc 1 54 3 view .LVU10
  61 0014 0024     		movs	r4, #0
ARM GAS  C:\Users\sangt\AppData\Local\Temp\cc5jiCUa.s 			page 3


  62 0016 0194     		str	r4, [sp, #4]
  63              		.loc 1 54 3 view .LVU11
  64 0018 144B     		ldr	r3, .L6
  65 001a 1A6C     		ldr	r2, [r3, #64]
  66 001c 42F00802 		orr	r2, r2, #8
  67 0020 1A64     		str	r2, [r3, #64]
  68              		.loc 1 54 3 view .LVU12
  69 0022 1B6C     		ldr	r3, [r3, #64]
  70 0024 03F00803 		and	r3, r3, #8
  71 0028 0193     		str	r3, [sp, #4]
  72              		.loc 1 54 3 view .LVU13
  73 002a 019B     		ldr	r3, [sp, #4]
  74              	.LBE2:
  75              		.loc 1 54 3 view .LVU14
  55:Core/Src/stm32f2xx_hal_timebase_tim.c **** 
  56:Core/Src/stm32f2xx_hal_timebase_tim.c ****   /* Get clock configuration */
  57:Core/Src/stm32f2xx_hal_timebase_tim.c ****   HAL_RCC_GetClockConfig(&clkconfig, &pFLatency);
  76              		.loc 1 57 3 view .LVU15
  77 002c 02A9     		add	r1, sp, #8
  78 002e 03A8     		add	r0, sp, #12
  79 0030 FFF7FEFF 		bl	HAL_RCC_GetClockConfig
  80              	.LVL5:
  58:Core/Src/stm32f2xx_hal_timebase_tim.c **** 
  59:Core/Src/stm32f2xx_hal_timebase_tim.c ****   /* Compute TIM5 clock */
  60:Core/Src/stm32f2xx_hal_timebase_tim.c ****   uwTimclock = 2*HAL_RCC_GetPCLK1Freq();
  81              		.loc 1 60 3 view .LVU16
  82              		.loc 1 60 18 is_stmt 0 view .LVU17
  83 0034 FFF7FEFF 		bl	HAL_RCC_GetPCLK1Freq
  84              	.LVL6:
  85              		.loc 1 60 14 view .LVU18
  86 0038 4300     		lsls	r3, r0, #1
  87              	.LVL7:
  61:Core/Src/stm32f2xx_hal_timebase_tim.c ****   /* Compute the prescaler value to have TIM5 counter clock equal to 1MHz */
  62:Core/Src/stm32f2xx_hal_timebase_tim.c ****   uwPrescalerValue = (uint32_t) ((uwTimclock / 1000000U) - 1U);
  88              		.loc 1 62 3 is_stmt 1 view .LVU19
  89              		.loc 1 62 46 is_stmt 0 view .LVU20
  90 003a 0D48     		ldr	r0, .L6+4
  91 003c A0FB0323 		umull	r2, r3, r0, r3
  92              	.LVL8:
  93              		.loc 1 62 46 view .LVU21
  94 0040 9B0C     		lsrs	r3, r3, #18
  95              		.loc 1 62 20 view .LVU22
  96 0042 013B     		subs	r3, r3, #1
  97              	.LVL9:
  63:Core/Src/stm32f2xx_hal_timebase_tim.c **** 
  64:Core/Src/stm32f2xx_hal_timebase_tim.c ****   /* Initialize TIM5 */
  65:Core/Src/stm32f2xx_hal_timebase_tim.c ****   htim5.Instance = TIM5;
  98              		.loc 1 65 3 is_stmt 1 view .LVU23
  99              		.loc 1 65 18 is_stmt 0 view .LVU24
 100 0044 0B48     		ldr	r0, .L6+8
 101 0046 0C4A     		ldr	r2, .L6+12
 102 0048 0260     		str	r2, [r0]
  66:Core/Src/stm32f2xx_hal_timebase_tim.c **** 
  67:Core/Src/stm32f2xx_hal_timebase_tim.c ****   /* Initialize TIMx peripheral as follow:
  68:Core/Src/stm32f2xx_hal_timebase_tim.c ****   + Period = [(TIM5CLK/1000) - 1]. to have a (1/1000) s time base.
  69:Core/Src/stm32f2xx_hal_timebase_tim.c ****   + Prescaler = (uwTimclock/1000000 - 1) to have a 1MHz counter clock.
  70:Core/Src/stm32f2xx_hal_timebase_tim.c ****   + ClockDivision = 0
ARM GAS  C:\Users\sangt\AppData\Local\Temp\cc5jiCUa.s 			page 4


  71:Core/Src/stm32f2xx_hal_timebase_tim.c ****   + Counter direction = Up
  72:Core/Src/stm32f2xx_hal_timebase_tim.c ****   */
  73:Core/Src/stm32f2xx_hal_timebase_tim.c ****   htim5.Init.Period = (1000000U / 1000U) - 1U;
 103              		.loc 1 73 3 is_stmt 1 view .LVU25
 104              		.loc 1 73 21 is_stmt 0 view .LVU26
 105 004a 40F2E732 		movw	r2, #999
 106 004e C260     		str	r2, [r0, #12]
  74:Core/Src/stm32f2xx_hal_timebase_tim.c ****   htim5.Init.Prescaler = uwPrescalerValue;
 107              		.loc 1 74 3 is_stmt 1 view .LVU27
 108              		.loc 1 74 24 is_stmt 0 view .LVU28
 109 0050 4360     		str	r3, [r0, #4]
  75:Core/Src/stm32f2xx_hal_timebase_tim.c ****   htim5.Init.ClockDivision = 0;
 110              		.loc 1 75 3 is_stmt 1 view .LVU29
 111              		.loc 1 75 28 is_stmt 0 view .LVU30
 112 0052 0461     		str	r4, [r0, #16]
  76:Core/Src/stm32f2xx_hal_timebase_tim.c ****   htim5.Init.CounterMode = TIM_COUNTERMODE_UP;
 113              		.loc 1 76 3 is_stmt 1 view .LVU31
 114              		.loc 1 76 26 is_stmt 0 view .LVU32
 115 0054 8460     		str	r4, [r0, #8]
  77:Core/Src/stm32f2xx_hal_timebase_tim.c **** 
  78:Core/Src/stm32f2xx_hal_timebase_tim.c ****   if(HAL_TIM_Base_Init(&htim5) == HAL_OK)
 116              		.loc 1 78 3 is_stmt 1 view .LVU33
 117              		.loc 1 78 6 is_stmt 0 view .LVU34
 118 0056 FFF7FEFF 		bl	HAL_TIM_Base_Init
 119              	.LVL10:
 120              		.loc 1 78 5 view .LVU35
 121 005a 10B1     		cbz	r0, .L5
  79:Core/Src/stm32f2xx_hal_timebase_tim.c ****   {
  80:Core/Src/stm32f2xx_hal_timebase_tim.c ****     /* Start the TIM time Base generation in interrupt mode */
  81:Core/Src/stm32f2xx_hal_timebase_tim.c ****     return HAL_TIM_Base_Start_IT(&htim5);
  82:Core/Src/stm32f2xx_hal_timebase_tim.c ****   }
  83:Core/Src/stm32f2xx_hal_timebase_tim.c **** 
  84:Core/Src/stm32f2xx_hal_timebase_tim.c ****   /* Return function status */
  85:Core/Src/stm32f2xx_hal_timebase_tim.c ****   return HAL_ERROR;
 122              		.loc 1 85 10 view .LVU36
 123 005c 0120     		movs	r0, #1
 124              	.L2:
  86:Core/Src/stm32f2xx_hal_timebase_tim.c **** }
 125              		.loc 1 86 1 view .LVU37
 126 005e 08B0     		add	sp, sp, #32
 127              	.LCFI2:
 128              		.cfi_remember_state
 129              		.cfi_def_cfa_offset 8
 130              		@ sp needed
 131 0060 10BD     		pop	{r4, pc}
 132              	.L5:
 133              	.LCFI3:
 134              		.cfi_restore_state
  81:Core/Src/stm32f2xx_hal_timebase_tim.c ****   }
 135              		.loc 1 81 5 is_stmt 1 view .LVU38
  81:Core/Src/stm32f2xx_hal_timebase_tim.c ****   }
 136              		.loc 1 81 12 is_stmt 0 view .LVU39
 137 0062 0448     		ldr	r0, .L6+8
 138 0064 FFF7FEFF 		bl	HAL_TIM_Base_Start_IT
 139              	.LVL11:
 140 0068 F9E7     		b	.L2
 141              	.L7:
ARM GAS  C:\Users\sangt\AppData\Local\Temp\cc5jiCUa.s 			page 5


 142 006a 00BF     		.align	2
 143              	.L6:
 144 006c 00380240 		.word	1073887232
 145 0070 83DE1B43 		.word	1125899907
 146 0074 00000000 		.word	.LANCHOR0
 147 0078 000C0040 		.word	1073744896
 148              		.cfi_endproc
 149              	.LFE72:
 151              		.section	.text.HAL_SuspendTick,"ax",%progbits
 152              		.align	1
 153              		.global	HAL_SuspendTick
 154              		.syntax unified
 155              		.thumb
 156              		.thumb_func
 158              	HAL_SuspendTick:
 159              	.LFB73:
  87:Core/Src/stm32f2xx_hal_timebase_tim.c **** 
  88:Core/Src/stm32f2xx_hal_timebase_tim.c **** /**
  89:Core/Src/stm32f2xx_hal_timebase_tim.c ****   * @brief  Suspend Tick increment.
  90:Core/Src/stm32f2xx_hal_timebase_tim.c ****   * @note   Disable the tick increment by disabling TIM5 update interrupt.
  91:Core/Src/stm32f2xx_hal_timebase_tim.c ****   * @param  None
  92:Core/Src/stm32f2xx_hal_timebase_tim.c ****   * @retval None
  93:Core/Src/stm32f2xx_hal_timebase_tim.c ****   */
  94:Core/Src/stm32f2xx_hal_timebase_tim.c **** void HAL_SuspendTick(void)
  95:Core/Src/stm32f2xx_hal_timebase_tim.c **** {
 160              		.loc 1 95 1 is_stmt 1 view -0
 161              		.cfi_startproc
 162              		@ args = 0, pretend = 0, frame = 0
 163              		@ frame_needed = 0, uses_anonymous_args = 0
 164              		@ link register save eliminated.
  96:Core/Src/stm32f2xx_hal_timebase_tim.c ****   /* Disable TIM5 update Interrupt */
  97:Core/Src/stm32f2xx_hal_timebase_tim.c ****   __HAL_TIM_DISABLE_IT(&htim5, TIM_IT_UPDATE);
 165              		.loc 1 97 3 view .LVU41
 166 0000 034B     		ldr	r3, .L9
 167 0002 1A68     		ldr	r2, [r3]
 168 0004 D368     		ldr	r3, [r2, #12]
 169 0006 23F00103 		bic	r3, r3, #1
 170 000a D360     		str	r3, [r2, #12]
  98:Core/Src/stm32f2xx_hal_timebase_tim.c **** }
 171              		.loc 1 98 1 is_stmt 0 view .LVU42
 172 000c 7047     		bx	lr
 173              	.L10:
 174 000e 00BF     		.align	2
 175              	.L9:
 176 0010 00000000 		.word	.LANCHOR0
 177              		.cfi_endproc
 178              	.LFE73:
 180              		.section	.text.HAL_ResumeTick,"ax",%progbits
 181              		.align	1
 182              		.global	HAL_ResumeTick
 183              		.syntax unified
 184              		.thumb
 185              		.thumb_func
 187              	HAL_ResumeTick:
 188              	.LFB74:
  99:Core/Src/stm32f2xx_hal_timebase_tim.c **** 
 100:Core/Src/stm32f2xx_hal_timebase_tim.c **** /**
ARM GAS  C:\Users\sangt\AppData\Local\Temp\cc5jiCUa.s 			page 6


 101:Core/Src/stm32f2xx_hal_timebase_tim.c ****   * @brief  Resume Tick increment.
 102:Core/Src/stm32f2xx_hal_timebase_tim.c ****   * @note   Enable the tick increment by Enabling TIM5 update interrupt.
 103:Core/Src/stm32f2xx_hal_timebase_tim.c ****   * @param  None
 104:Core/Src/stm32f2xx_hal_timebase_tim.c ****   * @retval None
 105:Core/Src/stm32f2xx_hal_timebase_tim.c ****   */
 106:Core/Src/stm32f2xx_hal_timebase_tim.c **** void HAL_ResumeTick(void)
 107:Core/Src/stm32f2xx_hal_timebase_tim.c **** {
 189              		.loc 1 107 1 is_stmt 1 view -0
 190              		.cfi_startproc
 191              		@ args = 0, pretend = 0, frame = 0
 192              		@ frame_needed = 0, uses_anonymous_args = 0
 193              		@ link register save eliminated.
 108:Core/Src/stm32f2xx_hal_timebase_tim.c ****   /* Enable TIM5 Update interrupt */
 109:Core/Src/stm32f2xx_hal_timebase_tim.c ****   __HAL_TIM_ENABLE_IT(&htim5, TIM_IT_UPDATE);
 194              		.loc 1 109 3 view .LVU44
 195 0000 034B     		ldr	r3, .L12
 196 0002 1A68     		ldr	r2, [r3]
 197 0004 D368     		ldr	r3, [r2, #12]
 198 0006 43F00103 		orr	r3, r3, #1
 199 000a D360     		str	r3, [r2, #12]
 110:Core/Src/stm32f2xx_hal_timebase_tim.c **** }
 200              		.loc 1 110 1 is_stmt 0 view .LVU45
 201 000c 7047     		bx	lr
 202              	.L13:
 203 000e 00BF     		.align	2
 204              	.L12:
 205 0010 00000000 		.word	.LANCHOR0
 206              		.cfi_endproc
 207              	.LFE74:
 209              		.global	htim5
 210              		.section	.bss.htim5,"aw",%nobits
 211              		.align	2
 212              		.set	.LANCHOR0,. + 0
 215              	htim5:
 216 0000 00000000 		.space	72
 216      00000000 
 216      00000000 
 216      00000000 
 216      00000000 
 217              		.text
 218              	.Letext0:
 219              		.file 2 "c:\\program files (x86)\\gnu arm embedded toolchain\\10 2021.10\\arm-none-eabi\\include\\
 220              		.file 3 "c:\\program files (x86)\\gnu arm embedded toolchain\\10 2021.10\\arm-none-eabi\\include\\
 221              		.file 4 "Drivers/CMSIS/Device/ST/STM32F2xx/Include/stm32f205xx.h"
 222              		.file 5 "Drivers/STM32F2xx_HAL_Driver/Inc/stm32f2xx_hal_def.h"
 223              		.file 6 "Drivers/STM32F2xx_HAL_Driver/Inc/stm32f2xx_hal_rcc.h"
 224              		.file 7 "Drivers/STM32F2xx_HAL_Driver/Inc/stm32f2xx_hal_dma.h"
 225              		.file 8 "Drivers/STM32F2xx_HAL_Driver/Inc/stm32f2xx_hal_tim.h"
 226              		.file 9 "Drivers/STM32F2xx_HAL_Driver/Inc/stm32f2xx_hal_cortex.h"
ARM GAS  C:\Users\sangt\AppData\Local\Temp\cc5jiCUa.s 			page 7


DEFINED SYMBOLS
                            *ABS*:00000000 stm32f2xx_hal_timebase_tim.c
C:\Users\sangt\AppData\Local\Temp\cc5jiCUa.s:18     .text.HAL_InitTick:00000000 $t
C:\Users\sangt\AppData\Local\Temp\cc5jiCUa.s:24     .text.HAL_InitTick:00000000 HAL_InitTick
C:\Users\sangt\AppData\Local\Temp\cc5jiCUa.s:144    .text.HAL_InitTick:0000006c $d
C:\Users\sangt\AppData\Local\Temp\cc5jiCUa.s:152    .text.HAL_SuspendTick:00000000 $t
C:\Users\sangt\AppData\Local\Temp\cc5jiCUa.s:158    .text.HAL_SuspendTick:00000000 HAL_SuspendTick
C:\Users\sangt\AppData\Local\Temp\cc5jiCUa.s:176    .text.HAL_SuspendTick:00000010 $d
C:\Users\sangt\AppData\Local\Temp\cc5jiCUa.s:181    .text.HAL_ResumeTick:00000000 $t
C:\Users\sangt\AppData\Local\Temp\cc5jiCUa.s:187    .text.HAL_ResumeTick:00000000 HAL_ResumeTick
C:\Users\sangt\AppData\Local\Temp\cc5jiCUa.s:205    .text.HAL_ResumeTick:00000010 $d
C:\Users\sangt\AppData\Local\Temp\cc5jiCUa.s:215    .bss.htim5:00000000 htim5
C:\Users\sangt\AppData\Local\Temp\cc5jiCUa.s:211    .bss.htim5:00000000 $d

UNDEFINED SYMBOLS
HAL_NVIC_SetPriority
HAL_NVIC_EnableIRQ
HAL_RCC_GetClockConfig
HAL_RCC_GetPCLK1Freq
HAL_TIM_Base_Init
HAL_TIM_Base_Start_IT
